     MSTU(12)       changed from              0 to          12345
1****************** PYINIT: initialization of PYTHIA routines *****************
 ==== PYTHIA WILL USE LHAPDF ====
 *************************************
 *       LHAPDF Version 5.6.0        *
 *************************************

 >>>>>> PDF description: <<<<<<
 CTEQ6L1 - LO with LO alpha_s                                    
 Reference:                                                      
 J. Pumplin, D.R. Stump, J. Huston, H.L. Lai, P. Nadolsky,       
 W.K. Tung                                                       
 hep-ph/0201195                                                  
 >>>>>>                   <<<<<<

 Parametrization: CTEQ6           

 ==============================================
 PDFset name /uscmst1/prod/sw/cms/slc5_amd64_gcc434/external/lhapdf/5.6.0-cms4/share/lhapdf/P
 with          1 members
 ====  initialized. ===========================
 Strong coupling at Mz for PDF is:  0.12978

 ==============================================================================
 I                                                                            I
 I              PYTHIA will be initialized for a p on p collider              I
 I                  at   7000.000 GeV center-of-mass energy                   I
 I                                                                            I
 ==============================================================================

 ******** PYMAXI: summary of differential cross-section maximum search ********

           ==========================================================
           I                                      I                 I
           I  ISUB  Subprocess name               I  Maximum value  I
           I                                      I                 I
           ==========================================================
           I                                      I                 I
           I   96   Semihard QCD 2 -> 2           I    7.4685D+03   I
           I  142   f + fbar' -> W'+/-            I    7.6368D-08   I
           I                                      I                 I
           ==========================================================

 ****** PYMULT: initialization of multiple interactions for MSTP(82) = 4 ******
        pT0 = 2.66 GeV gives sigma(parton-parton) = 4.19D+02 mb: accepted

 ****** PYMIGN: initialization of multiple interactions for MSTP(82) = 4 ******
        pT0 = 2.66 GeV gives sigma(parton-parton) = 1.66D+02 mb: accepted

 ********************** PYINIT: initialization completed **********************

 Advisory warning: maximum violated by  1.053D+00 in event      19
 XSEC(142,1) increased to  8.041D-08

 Advisory warning: maximum violated by  1.005D+00 in event      79
 XSEC(142,1) increased to  8.084D-08

 Advisory warning: maximum violated by  1.008D+00 in event     110
 XSEC(142,1) increased to  8.147D-08

 Advisory warning: maximum violated by  1.002D+00 in event     333
 XSEC(142,1) increased to  8.160D-08

     Advisory warning type 9 given after      606 PYEXEC calls:
     (PYPTIS:) Sorry, I got a heavy companion quark here. Not handled yet, giving up!

     Advisory warning type 9 given after      792 PYEXEC calls:
     (PYPTIS:) Sorry, I got a heavy companion quark here. Not handled yet, giving up!

 Advisory warning: maximum violated by  1.000D+00 in event     928
 XSEC(142,1) increased to  8.161D-08

     Advisory warning type 9 given after      962 PYEXEC calls:
     (PYPTIS:) Sorry, I got a heavy companion quark here. Not handled yet, giving up!

 Advisory warning: maximum violated by  1.002D+00 in event    1448
 XSEC(142,1) increased to  8.175D-08

     Advisory warning type 9 given after     1472 PYEXEC calls:
     (PYPTIS:) Sorry, I got a heavy companion quark here. Not handled yet, giving up!

     Advisory warning type 9 given after     1561 PYEXEC calls:
     (PYPTIS:) Sorry, I got a heavy companion quark here. Not handled yet, giving up!

     Advisory warning type 9 given after     1913 PYEXEC calls:
     (PYPTIS:) Sorry, I got a heavy companion quark here. Not handled yet, giving up!

     Advisory warning type 9 given after     2508 PYEXEC calls:
     (PYPTIS:) Sorry, I got a heavy companion quark here. Not handled yet, giving up!

     Advisory warning type 9 given after     3210 PYEXEC calls:
     (PYPTIS:) Sorry, I got a heavy companion quark here. Not handled yet, giving up!

     Advisory warning type 9 given after     3693 PYEXEC calls:
     (PYPTIS:) Sorry, I got a heavy companion quark here. Not handled yet, giving up!

     Advisory warning type 9 given after     3936 PYEXEC calls:
     (PYPTIS:) Sorry, I got a heavy companion quark here. Not handled yet, giving up!

 Advisory warning: maximum violated by  1.000D+00 in event    4589
 XSEC(142,1) increased to  8.178D-08

 Advisory warning: maximum violated by  1.002D+00 in event    4813
 XSEC(142,1) increased to  8.195D-08

     Error type 4 has occured after     5741 PYEXEC calls:
     (PYSTRF:) caught in infinite loop

     Error type 2 has occured after     5741 PYEXEC calls:
     (PYSTRF:) unphysical flavour combination

     Error type 2 has occured after     5741 PYEXEC calls:
     (PYSTRF:) unphysical flavour combination

     Error type 2 has occured after     5741 PYEXEC calls:
     (PYSTRF:) unphysical flavour combination

     Error type 2 has occured after     5741 PYEXEC calls:
     (PYSTRF:) unphysical flavour combination

     Error type 2 has occured after     5741 PYEXEC calls:
     (PYSTRF:) unphysical flavour combination

 Advisory warning: maximum violated by  1.000D+00 in event    9669
 XSEC(142,1) increased to  8.197D-08
1********* PYSTAT:  Statistics on Number of Events and Cross-sections *********

 ==============================================================================
 I                                  I                            I            I
 I            Subprocess            I      Number of points      I    Sigma   I
 I                                  I                            I            I
 I----------------------------------I----------------------------I    (mb)    I
 I                                  I                            I            I
 I N:o Type                         I    Generated         Tried I            I
 I                                  I                            I            I
 ==============================================================================
 I                                  I                            I            I
 I   0 All included subprocesses    I        10000         32807 I  2.499D-08 I
 I 142 f + fbar' -> W'+/-           I        10000         32807 I  2.499D-08 I
 I                                  I                            I            I
 ==============================================================================

 ********* Total number of errors, excluding junctions =        0 *************
 ********* Total number of errors, including junctions =        6 *************
 ********* Total number of warnings =                          29 *************
 ********* Fraction of events that fail fragmentation cuts =  0.00020 *********

