     MSTU(12)       changed from              0 to          12345
1****************** PYINIT: initialization of PYTHIA routines *****************
 ==== PYTHIA WILL USE LHAPDF ====
 *************************************
 *       LHAPDF Version 5.6.0        *
 *************************************

 >>>>>> PDF description: <<<<<<
 CTEQ6L1 - LO with LO alpha_s                                    
 Reference:                                                      
 J. Pumplin, D.R. Stump, J. Huston, H.L. Lai, P. Nadolsky,       
 W.K. Tung                                                       
 hep-ph/0201195                                                  
 >>>>>>                   <<<<<<

 Parametrization: CTEQ6           

 ==============================================
 PDFset name /uscmst1/prod/sw/cms/slc5_amd64_gcc434/external/lhapdf/5.6.0-cms4/share/lhapdf/P
 with          1 members
 ====  initialized. ===========================
 Strong coupling at Mz for PDF is:  0.12978

 ==============================================================================
 I                                                                            I
 I              PYTHIA will be initialized for a p on p collider              I
 I                  at   7000.000 GeV center-of-mass energy                   I
 I                                                                            I
 ==============================================================================

 ******** PYMAXI: summary of differential cross-section maximum search ********

           ==========================================================
           I                                      I                 I
           I  ISUB  Subprocess name               I  Maximum value  I
           I                                      I                 I
           ==========================================================
           I                                      I                 I
           I   96   Semihard QCD 2 -> 2           I    7.4685D+03   I
           I  142   f + fbar' -> W'+/-            I    1.6707D-08   I
           I                                      I                 I
           ==========================================================

 ****** PYMULT: initialization of multiple interactions for MSTP(82) = 4 ******
        pT0 = 2.66 GeV gives sigma(parton-parton) = 4.19D+02 mb: accepted

 ****** PYMIGN: initialization of multiple interactions for MSTP(82) = 4 ******
        pT0 = 2.66 GeV gives sigma(parton-parton) = 1.66D+02 mb: accepted

 ********************** PYINIT: initialization completed **********************

 Advisory warning: maximum violated by  1.006D+00 in event      12
 XSEC(142,1) increased to  1.681D-08

 Advisory warning: maximum violated by  1.055D+00 in event      15
 XSEC(142,1) increased to  1.773D-08

 Advisory warning: maximum violated by  1.054D+00 in event      19
 XSEC(142,1) increased to  1.868D-08

 Advisory warning: maximum violated by  1.006D+00 in event     154
 XSEC(142,1) increased to  1.880D-08

 Advisory warning: maximum violated by  1.001D+00 in event     287
 XSEC(142,1) increased to  1.881D-08

     Advisory warning type 9 given after      386 PYEXEC calls:
     (PYPTIS:) Sorry, I got a heavy companion quark here. Not handled yet, giving up!

 Advisory warning: maximum violated by  1.005D+00 in event     904
 XSEC(142,1) increased to  1.890D-08

     Advisory warning type 9 given after     1364 PYEXEC calls:
     (PYPTIS:) no phase space left for massive quark creation. Gave up trying.

     Advisory warning type 9 given after     1479 PYEXEC calls:
     (PYPTIS:) Sorry, I got a heavy companion quark here. Not handled yet, giving up!

     Advisory warning type 9 given after     1702 PYEXEC calls:
     (PYPTIS:) Sorry, I got a heavy companion quark here. Not handled yet, giving up!

     Advisory warning type 9 given after     1980 PYEXEC calls:
     (PYPTIS:) Sorry, I got a heavy companion quark here. Not handled yet, giving up!

     Advisory warning type 9 given after     2321 PYEXEC calls:
     (PYPTIS:) Sorry, I got a heavy companion quark here. Not handled yet, giving up!

     Advisory warning type 9 given after     2413 PYEXEC calls:
     (PYPTIS:) Sorry, I got a heavy companion quark here. Not handled yet, giving up!

     Advisory warning type 9 given after     2596 PYEXEC calls:
     (PYPTIS:) Sorry, I got a heavy companion quark here. Not handled yet, giving up!

     Advisory warning type 9 given after     3164 PYEXEC calls:
     (PYPTIS:) Sorry, I got a heavy companion quark here. Not handled yet, giving up!

     Advisory warning type 9 given after     3661 PYEXEC calls:
     (PYPTIS:) Sorry, I got a heavy companion quark here. Not handled yet, giving up!

     Error type 9 has occured after     5670 PYEXEC calls:
     (PYPTIS:) Weight   9.4204E+01 above unity

     Error type 9 has occured after     5670 PYEXEC calls:
     (PYPTIS:) Weight   2.4329E+02 above unity

 Advisory warning: maximum violated by  1.001D+00 in event    6124
 XSEC(142,1) increased to  1.892D-08

     Error type 4 has occured after     6908 PYEXEC calls:
     (PYSTRF:) caught in infinite loop

     Error type 2 has occured after     6908 PYEXEC calls:
     (PYSTRF:) unphysical flavour combination
1********* PYSTAT:  Statistics on Number of Events and Cross-sections *********

 ==============================================================================
 I                                  I                            I            I
 I            Subprocess            I      Number of points      I    Sigma   I
 I                                  I                            I            I
 I----------------------------------I----------------------------I    (mb)    I
 I                                  I                            I            I
 I N:o Type                         I    Generated         Tried I            I
 I                                  I                            I            I
 ==============================================================================
 I                                  I                            I            I
 I   0 All included subprocesses    I        10000         31001 I  6.094D-09 I
 I 142 f + fbar' -> W'+/-           I        10000         31001 I  6.094D-09 I
 I                                  I                            I            I
 ==============================================================================

 ********* Total number of errors, excluding junctions =        0 *************
 ********* Total number of errors, including junctions =        4 *************
 ********* Total number of warnings =                          28 *************
 ********* Fraction of events that fail fragmentation cuts =  0.00020 *********

