     MSTU(12)       changed from              0 to          12345
1****************** PYINIT: initialization of PYTHIA routines *****************
 ==== PYTHIA WILL USE LHAPDF ====
 *************************************
 *       LHAPDF Version 5.6.0        *
 *************************************

 >>>>>> PDF description: <<<<<<
 CTEQ6L1 - LO with LO alpha_s                                    
 Reference:                                                      
 J. Pumplin, D.R. Stump, J. Huston, H.L. Lai, P. Nadolsky,       
 W.K. Tung                                                       
 hep-ph/0201195                                                  
 >>>>>>                   <<<<<<

 Parametrization: CTEQ6           

 ==============================================
 PDFset name /uscmst1/prod/sw/cms/slc5_amd64_gcc434/external/lhapdf/5.6.0-cms4/share/lhapdf/P
 with          1 members
 ====  initialized. ===========================
 Strong coupling at Mz for PDF is:  0.12978

 ==============================================================================
 I                                                                            I
 I              PYTHIA will be initialized for a p on p collider              I
 I                  at   7000.000 GeV center-of-mass energy                   I
 I                                                                            I
 ==============================================================================

 ******** PYMAXI: summary of differential cross-section maximum search ********

           ==========================================================
           I                                      I                 I
           I  ISUB  Subprocess name               I  Maximum value  I
           I                                      I                 I
           ==========================================================
           I                                      I                 I
           I   96   Semihard QCD 2 -> 2           I    7.4685D+03   I
           I  142   f + fbar' -> W'+/-            I    4.5627D-08   I
           I                                      I                 I
           ==========================================================

 ****** PYMULT: initialization of multiple interactions for MSTP(82) = 4 ******
        pT0 = 2.66 GeV gives sigma(parton-parton) = 4.19D+02 mb: accepted

 ****** PYMIGN: initialization of multiple interactions for MSTP(82) = 4 ******
        pT0 = 2.66 GeV gives sigma(parton-parton) = 1.66D+02 mb: accepted

 ********************** PYINIT: initialization completed **********************

 Advisory warning: maximum violated by  1.002D+00 in event      32
 XSEC(142,1) increased to  4.570D-08

 Advisory warning: maximum violated by  1.073D+00 in event      49
 XSEC(142,1) increased to  4.903D-08

 Advisory warning: maximum violated by  1.025D+00 in event      51
 XSEC(142,1) increased to  5.024D-08

 Advisory warning: maximum violated by  1.002D+00 in event     101
 XSEC(142,1) increased to  5.033D-08

 Advisory warning: maximum violated by  1.010D+00 in event     140
 XSEC(142,1) increased to  5.085D-08

     Advisory warning type 9 given after      557 PYEXEC calls:
     (PYPTIS:) Sorry, I got a heavy companion quark here. Not handled yet, giving up!

     Advisory warning type 9 given after     1052 PYEXEC calls:
     (PYPTIS:) Sorry, I got a heavy companion quark here. Not handled yet, giving up!

     Advisory warning type 9 given after     1497 PYEXEC calls:
     (PYPTIS:) Sorry, I got a heavy companion quark here. Not handled yet, giving up!

     Advisory warning type 9 given after     1544 PYEXEC calls:
     (PYPTIS:) Sorry, I got a heavy companion quark here. Not handled yet, giving up!

     Advisory warning type 9 given after     1642 PYEXEC calls:
     (PYPTIS:) Sorry, I got a heavy companion quark here. Not handled yet, giving up!

     Advisory warning type 9 given after     2097 PYEXEC calls:
     (PYPTIS:) Sorry, I got a heavy companion quark here. Not handled yet, giving up!

     Advisory warning type 9 given after     2378 PYEXEC calls:
     (PYPTIS:) Sorry, I got a heavy companion quark here. Not handled yet, giving up!

     Advisory warning type 9 given after     2443 PYEXEC calls:
     (PYPTIS:) Sorry, I got a heavy companion quark here. Not handled yet, giving up!

     Advisory warning type 9 given after     2503 PYEXEC calls:
     (PYPTIS:) Sorry, I got a heavy companion quark here. Not handled yet, giving up!

     Advisory warning type 9 given after     3088 PYEXEC calls:
     (PYPTIS:) Sorry, I got a heavy companion quark here. Not handled yet, giving up!

 Advisory warning: maximum violated by  1.001D+00 in event    4524
 XSEC(142,1) increased to  5.089D-08

 Advisory warning: maximum violated by  1.000D+00 in event    6038
 XSEC(142,1) increased to  5.090D-08

 Advisory warning: maximum violated by  1.000D+00 in event    7521
 XSEC(142,1) increased to  5.092D-08

     Error type 4 has occured after     7720 PYEXEC calls:
     (PYSTRF:) caught in infinite loop

     Error type 2 has occured after     7720 PYEXEC calls:
     (PYSTRF:) unphysical flavour combination

     Error type 2 has occured after     7720 PYEXEC calls:
     (PYINDF:) unphysical flavour combination
1********* PYSTAT:  Statistics on Number of Events and Cross-sections *********

 ==============================================================================
 I                                  I                            I            I
 I            Subprocess            I      Number of points      I    Sigma   I
 I                                  I                            I            I
 I----------------------------------I----------------------------I    (mb)    I
 I                                  I                            I            I
 I N:o Type                         I    Generated         Tried I            I
 I                                  I                            I            I
 ==============================================================================
 I                                  I                            I            I
 I   0 All included subprocesses    I        10000         32246 I  1.589D-08 I
 I 142 f + fbar' -> W'+/-           I        10000         32246 I  1.589D-08 I
 I                                  I                            I            I
 ==============================================================================

 ********* Total number of errors, excluding junctions =        0 *************
 ********* Total number of errors, including junctions =        3 *************
 ********* Total number of warnings =                          35 *************
 ********* Fraction of events that fail fragmentation cuts =  0.00010 *********

