     MSTU(12)       changed from              0 to          12345
1****************** PYINIT: initialization of PYTHIA routines *****************
 ==== PYTHIA WILL USE LHAPDF ====
 *************************************
 *       LHAPDF Version 5.6.0        *
 *************************************

 >>>>>> PDF description: <<<<<<
 CTEQ6L1 - LO with LO alpha_s                                    
 Reference:                                                      
 J. Pumplin, D.R. Stump, J. Huston, H.L. Lai, P. Nadolsky,       
 W.K. Tung                                                       
 hep-ph/0201195                                                  
 >>>>>>                   <<<<<<

 Parametrization: CTEQ6           

 ==============================================
 PDFset name /uscmst1/prod/sw/cms/slc5_amd64_gcc434/external/lhapdf/5.6.0-cms4/share/lhapdf/P
 with          1 members
 ====  initialized. ===========================
 Strong coupling at Mz for PDF is:  0.12978

 ==============================================================================
 I                                                                            I
 I              PYTHIA will be initialized for a p on p collider              I
 I                  at   7000.000 GeV center-of-mass energy                   I
 I                                                                            I
 ==============================================================================

 ******** PYMAXI: summary of differential cross-section maximum search ********

           ==========================================================
           I                                      I                 I
           I  ISUB  Subprocess name               I  Maximum value  I
           I                                      I                 I
           ==========================================================
           I                                      I                 I
           I   96   Semihard QCD 2 -> 2           I    7.4685D+03   I
           I  142   f + fbar' -> W'+/-            I    2.2296D-08   I
           I                                      I                 I
           ==========================================================

 ****** PYMULT: initialization of multiple interactions for MSTP(82) = 4 ******
        pT0 = 2.66 GeV gives sigma(parton-parton) = 4.19D+02 mb: accepted

 ****** PYMIGN: initialization of multiple interactions for MSTP(82) = 4 ******
        pT0 = 2.66 GeV gives sigma(parton-parton) = 1.66D+02 mb: accepted

 ********************** PYINIT: initialization completed **********************

 Advisory warning: maximum violated by  1.035D+00 in event      15
 XSEC(142,1) increased to  2.309D-08

 Advisory warning: maximum violated by  1.041D+00 in event      35
 XSEC(142,1) increased to  2.403D-08

 Advisory warning: maximum violated by  1.036D+00 in event     147
 XSEC(142,1) increased to  2.489D-08

     Advisory warning type 9 given after      148 PYEXEC calls:
     (PYPTIS:) Sorry, I got a heavy companion quark here. Not handled yet, giving up!

     Advisory warning type 1 given after      278 PYEXEC calls:
     (PYSTRF:) failed to converge on JRF

     Advisory warning type 1 given after      278 PYEXEC calls:
     (PYSTRF:) failed to converge on JRF

     Advisory warning type 1 given after      278 PYEXEC calls:
     (PYSTRF:) failed to converge on JRF

 Advisory warning: maximum violated by  1.004D+00 in event     391
 XSEC(142,1) increased to  2.500D-08

     Advisory warning type 9 given after      492 PYEXEC calls:
     (PYPTIS:) Sorry, I got a heavy companion quark here. Not handled yet, giving up!

     Advisory warning type 9 given after      906 PYEXEC calls:
     (PYPTIS:) Sorry, I got a heavy companion quark here. Not handled yet, giving up!

 Advisory warning: maximum violated by  1.003D+00 in event    1179
 XSEC(142,1) increased to  2.506D-08

 Advisory warning: maximum violated by  1.002D+00 in event    1335
 XSEC(142,1) increased to  2.512D-08

     Advisory warning type 9 given after     1370 PYEXEC calls:
     (PYPTIS:) Sorry, I got a heavy companion quark here. Not handled yet, giving up!

     Advisory warning type 9 given after     1628 PYEXEC calls:
     (PYPTIS:) Sorry, I got a heavy companion quark here. Not handled yet, giving up!

 Advisory warning: maximum violated by  1.000D+00 in event    1639
 XSEC(142,1) increased to  2.513D-08

 Advisory warning: maximum violated by  1.001D+00 in event    1952
 XSEC(142,1) increased to  2.515D-08

 Advisory warning: maximum violated by  1.001D+00 in event    2283
 XSEC(142,1) increased to  2.516D-08

 Advisory warning: maximum violated by  1.000D+00 in event    2542
 XSEC(142,1) increased to  2.517D-08

     Advisory warning type 9 given after     2752 PYEXEC calls:
     (PYPTIS:) Sorry, I got a heavy companion quark here. Not handled yet, giving up!

     Advisory warning type 9 given after     3126 PYEXEC calls:
     (PYPTIS:) Sorry, I got a heavy companion quark here. Not handled yet, giving up!

 Advisory warning: maximum violated by  1.001D+00 in event    3378
 XSEC(142,1) increased to  2.520D-08

 Advisory warning: maximum violated by  1.001D+00 in event    3592
 XSEC(142,1) increased to  2.522D-08
1********* PYSTAT:  Statistics on Number of Events and Cross-sections *********

 ==============================================================================
 I                                  I                            I            I
 I            Subprocess            I      Number of points      I    Sigma   I
 I                                  I                            I            I
 I----------------------------------I----------------------------I    (mb)    I
 I                                  I                            I            I
 I N:o Type                         I    Generated         Tried I            I
 I                                  I                            I            I
 ==============================================================================
 I                                  I                            I            I
 I   0 All included subprocesses    I        10000         31609 I  8.017D-09 I
 I 142 f + fbar' -> W'+/-           I        10000         31609 I  8.017D-09 I
 I                                  I                            I            I
 ==============================================================================

 ********* Total number of errors, excluding junctions =        0 *************
 ********* Total number of errors, including junctions =        0 *************
 ********* Total number of warnings =                          28 *************
 ********* Fraction of events that fail fragmentation cuts =  0.00000 *********

