     MSTU(12)       changed from              0 to          12345
1****************** PYINIT: initialization of PYTHIA routines *****************
 ==== PYTHIA WILL USE LHAPDF ====
 *************************************
 *       LHAPDF Version 5.6.0        *
 *************************************

 >>>>>> PDF description: <<<<<<
 CTEQ6L1 - LO with LO alpha_s                                    
 Reference:                                                      
 J. Pumplin, D.R. Stump, J. Huston, H.L. Lai, P. Nadolsky,       
 W.K. Tung                                                       
 hep-ph/0201195                                                  
 >>>>>>                   <<<<<<

 Parametrization: CTEQ6           

 ==============================================
 PDFset name /uscmst1/prod/sw/cms/slc5_amd64_gcc434/external/lhapdf/5.6.0-cms4/share/lhapdf/P
 with          1 members
 ====  initialized. ===========================
 Strong coupling at Mz for PDF is:  0.12978

 ==============================================================================
 I                                                                            I
 I              PYTHIA will be initialized for a p on p collider              I
 I                  at   7000.000 GeV center-of-mass energy                   I
 I                                                                            I
 ==============================================================================

 ******** PYMAXI: summary of differential cross-section maximum search ********

           ==========================================================
           I                                      I                 I
           I  ISUB  Subprocess name               I  Maximum value  I
           I                                      I                 I
           ==========================================================
           I                                      I                 I
           I   96   Semihard QCD 2 -> 2           I    7.4685D+03   I
           I  142   f + fbar' -> W'+/-            I    1.4008D-12   I
           I                                      I                 I
           ==========================================================

 ****** PYMULT: initialization of multiple interactions for MSTP(82) = 4 ******
        pT0 = 2.66 GeV gives sigma(parton-parton) = 4.19D+02 mb: accepted

 ****** PYMIGN: initialization of multiple interactions for MSTP(82) = 4 ******
        pT0 = 2.66 GeV gives sigma(parton-parton) = 1.66D+02 mb: accepted

 ********************** PYINIT: initialization completed **********************

     Advisory warning type 9 given after       76 PYEXEC calls:
     (PYPTIS:) Sorry, I got a heavy companion quark here. Not handled yet, giving up!

     Error type 9 has occured after      248 PYEXEC calls:
     (PYPTIS:) Weight   1.6529E+02 above unity

     Advisory warning type 9 given after     1248 PYEXEC calls:
     (PYPTIS:) Weight   1.9373E+00 above unity

     Advisory warning type 9 given after     1248 PYEXEC calls:
     (PYPTIS:) Weight   5.1009E+00 above unity

     Advisory warning type 9 given after     1501 PYEXEC calls:
     (PYPTIS:) Sorry, I got a heavy companion quark here. Not handled yet, giving up!

     Error type 9 has occured after     1577 PYEXEC calls:
     (PYPTIS:) Weight   8.1420E+02 above unity

     Advisory warning type 9 given after     1577 PYEXEC calls:
     (PYPTIS:) Weight   3.9026E+02 above unity

     Advisory warning type 9 given after     2544 PYEXEC calls:
     (PYPTIS:) Sorry, I got a heavy companion quark here. Not handled yet, giving up!

     Error type 9 has occured after     2721 PYEXEC calls:
     (PYPTIS:) Weight   1.2917E+00 above unity

     Advisory warning type 9 given after     4229 PYEXEC calls:
     (PYPTIS:) Sorry, I got a heavy companion quark here. Not handled yet, giving up!

     Advisory warning type 9 given after     4412 PYEXEC calls:
     (PYPTIS:) Sorry, I got a heavy companion quark here. Not handled yet, giving up!

     Advisory warning type 9 given after     5670 PYEXEC calls:
     (PYPTIS:) Sorry, I got a heavy companion quark here. Not handled yet, giving up!

     Advisory warning type 9 given after     5687 PYEXEC calls:
     (PYPTIS:) Weight   1.0666E+02 above unity
1********* PYSTAT:  Statistics on Number of Events and Cross-sections *********

 ==============================================================================
 I                                  I                            I            I
 I            Subprocess            I      Number of points      I    Sigma   I
 I                                  I                            I            I
 I----------------------------------I----------------------------I    (mb)    I
 I                                  I                            I            I
 I N:o Type                         I    Generated         Tried I            I
 I                                  I                            I            I
 ==============================================================================
 I                                  I                            I            I
 I   0 All included subprocesses    I        10000         38046 I  3.680D-13 I
 I 142 f + fbar' -> W'+/-           I        10000         38046 I  3.680D-13 I
 I                                  I                            I            I
 ==============================================================================

 ********* Total number of errors, excluding junctions =        0 *************
 ********* Total number of errors, including junctions =        3 *************
 ********* Total number of warnings =                          18 *************
 ********* Fraction of events that fail fragmentation cuts =  0.00010 *********

