     MSTU(12)       changed from              0 to          12345
1****************** PYINIT: initialization of PYTHIA routines *****************
 ==== PYTHIA WILL USE LHAPDF ====
 *************************************
 *       LHAPDF Version 5.6.0        *
 *************************************

 >>>>>> PDF description: <<<<<<
 CTEQ6L1 - LO with LO alpha_s                                    
 Reference:                                                      
 J. Pumplin, D.R. Stump, J. Huston, H.L. Lai, P. Nadolsky,       
 W.K. Tung                                                       
 hep-ph/0201195                                                  
 >>>>>>                   <<<<<<

 Parametrization: CTEQ6           

 ==============================================
 PDFset name /uscmst1/prod/sw/cms/slc5_amd64_gcc434/external/lhapdf/5.6.0-cms4/share/lhapdf/P
 with          1 members
 ====  initialized. ===========================
 Strong coupling at Mz for PDF is:  0.12978

 ==============================================================================
 I                                                                            I
 I              PYTHIA will be initialized for a p on p collider              I
 I                  at   7000.000 GeV center-of-mass energy                   I
 I                                                                            I
 ==============================================================================

 ******** PYMAXI: summary of differential cross-section maximum search ********

           ==========================================================
           I                                      I                 I
           I  ISUB  Subprocess name               I  Maximum value  I
           I                                      I                 I
           ==========================================================
           I                                      I                 I
           I   96   Semihard QCD 2 -> 2           I    7.4685D+03   I
           I  142   f + fbar' -> W'+/-            I    2.6274D-08   I
           I                                      I                 I
           ==========================================================

 ****** PYMULT: initialization of multiple interactions for MSTP(82) = 4 ******
        pT0 = 2.66 GeV gives sigma(parton-parton) = 4.19D+02 mb: accepted

 ****** PYMIGN: initialization of multiple interactions for MSTP(82) = 4 ******
        pT0 = 2.66 GeV gives sigma(parton-parton) = 1.66D+02 mb: accepted

 ********************** PYINIT: initialization completed **********************

 Advisory warning: maximum violated by  1.004D+00 in event      52
 XSEC(142,1) increased to  2.637D-08

 Advisory warning: maximum violated by  1.008D+00 in event      70
 XSEC(142,1) increased to  2.658D-08

 Advisory warning: maximum violated by  1.041D+00 in event      93
 XSEC(142,1) increased to  2.768D-08

 Advisory warning: maximum violated by  1.004D+00 in event      94
 XSEC(142,1) increased to  2.780D-08

 Advisory warning: maximum violated by  1.034D+00 in event     148
 XSEC(142,1) increased to  2.874D-08

 Advisory warning: maximum violated by  1.001D+00 in event     245
 XSEC(142,1) increased to  2.876D-08

 Advisory warning: maximum violated by  1.013D+00 in event     365
 XSEC(142,1) increased to  2.913D-08

     Advisory warning type 9 given after      415 PYEXEC calls:
     (PYPTIS:) Sorry, I got a heavy companion quark here. Not handled yet, giving up!

 Advisory warning: maximum violated by  1.014D+00 in event     700
 XSEC(142,1) increased to  2.953D-08

 Advisory warning: maximum violated by  1.003D+00 in event     933
 XSEC(142,1) increased to  2.961D-08

 Advisory warning: maximum violated by  1.002D+00 in event    1009
 XSEC(142,1) increased to  2.968D-08

     Advisory warning type 9 given after     1281 PYEXEC calls:
     (PYPTIS:) Sorry, I got a heavy companion quark here. Not handled yet, giving up!

     Advisory warning type 9 given after     1520 PYEXEC calls:
     (PYPTIS:) Sorry, I got a heavy companion quark here. Not handled yet, giving up!

     Advisory warning type 9 given after     1733 PYEXEC calls:
     (PYPTIS:) Sorry, I got a heavy companion quark here. Not handled yet, giving up!

     Advisory warning type 9 given after     2029 PYEXEC calls:
     (PYPTIS:) Sorry, I got a heavy companion quark here. Not handled yet, giving up!

     Advisory warning type 9 given after     2126 PYEXEC calls:
     (PYPTIS:) Sorry, I got a heavy companion quark here. Not handled yet, giving up!

     Advisory warning type 9 given after     2143 PYEXEC calls:
     (PYPTIS:) Sorry, I got a heavy companion quark here. Not handled yet, giving up!

     Advisory warning type 9 given after     2474 PYEXEC calls:
     (PYPTIS:) Sorry, I got a heavy companion quark here. Not handled yet, giving up!

     Advisory warning type 9 given after     2474 PYEXEC calls:
     (PYPTIS:) Sorry, I got a heavy companion quark here. Not handled yet, giving up!

     Advisory warning type 9 given after     2500 PYEXEC calls:
     (PYPTIS:) Sorry, I got a heavy companion quark here. Not handled yet, giving up!

     Error type 9 has occured after     6152 PYEXEC calls:
     (PYPTIS:) Weight   2.0245E+01 above unity

     Error type 4 has occured after     6676 PYEXEC calls:
     (PYSTRF:) caught in infinite loop

     Error type 2 has occured after     6676 PYEXEC calls:
     (PYSTRF:) unphysical flavour combination

     Error type 2 has occured after     6676 PYEXEC calls:
     (PYSTRF:) unphysical flavour combination
1********* PYSTAT:  Statistics on Number of Events and Cross-sections *********

 ==============================================================================
 I                                  I                            I            I
 I            Subprocess            I      Number of points      I    Sigma   I
 I                                  I                            I            I
 I----------------------------------I----------------------------I    (mb)    I
 I                                  I                            I            I
 I N:o Type                         I    Generated         Tried I            I
 I                                  I                            I            I
 ==============================================================================
 I                                  I                            I            I
 I   0 All included subprocesses    I        10000         31616 I  9.405D-09 I
 I 142 f + fbar' -> W'+/-           I        10000         31616 I  9.405D-09 I
 I                                  I                            I            I
 ==============================================================================

 ********* Total number of errors, excluding junctions =        0 *************
 ********* Total number of errors, including junctions =        4 *************
 ********* Total number of warnings =                          28 *************
 ********* Fraction of events that fail fragmentation cuts =  0.00020 *********

