     MSTU(12)       changed from              0 to          12345
1****************** PYINIT: initialization of PYTHIA routines *****************
 ==== PYTHIA WILL USE LHAPDF ====
 *************************************
 *       LHAPDF Version 5.6.0        *
 *************************************

 >>>>>> PDF description: <<<<<<
 CTEQ6L1 - LO with LO alpha_s                                    
 Reference:                                                      
 J. Pumplin, D.R. Stump, J. Huston, H.L. Lai, P. Nadolsky,       
 W.K. Tung                                                       
 hep-ph/0201195                                                  
 >>>>>>                   <<<<<<

 Parametrization: CTEQ6           

 ==============================================
 PDFset name /uscmst1/prod/sw/cms/slc5_amd64_gcc434/external/lhapdf/5.6.0-cms4/share/lhapdf/P
 with          1 members
 ====  initialized. ===========================
 Strong coupling at Mz for PDF is:  0.12978

 ==============================================================================
 I                                                                            I
 I              PYTHIA will be initialized for a p on p collider              I
 I                  at   8000.000 GeV center-of-mass energy                   I
 I                                                                            I
 ==============================================================================

 ******** PYMAXI: summary of differential cross-section maximum search ********

           ==========================================================
           I                                      I                 I
           I  ISUB  Subprocess name               I  Maximum value  I
           I                                      I                 I
           ==========================================================
           I                                      I                 I
           I   96   Semihard QCD 2 -> 2           I    7.7531D+03   I
           I  142   f + fbar' -> W'+/-            I    9.1931D-08   I
           I                                      I                 I
           ==========================================================

 ****** PYMULT: initialization of multiple interactions for MSTP(82) = 4 ******
        pT0 = 2.76 GeV gives sigma(parton-parton) = 4.33D+02 mb: accepted

 ****** PYMIGN: initialization of multiple interactions for MSTP(82) = 4 ******
        pT0 = 2.76 GeV gives sigma(parton-parton) = 1.70D+02 mb: accepted

 ********************** PYINIT: initialization completed **********************

     Advisory warning type 9 given after       51 PYEXEC calls:
     (PYPTIS:) Sorry, I got a heavy companion quark here. Not handled yet, giving up!

 Advisory warning: maximum violated by  1.058D+00 in event      76
 XSEC(142,1) increased to  9.724D-08

 Advisory warning: maximum violated by  1.007D+00 in event     217
 XSEC(142,1) increased to  9.790D-08

 Advisory warning: maximum violated by  1.003D+00 in event     221
 XSEC(142,1) increased to  9.823D-08

     Advisory warning type 9 given after      236 PYEXEC calls:
     (PYPTIS:) Sorry, I got a heavy companion quark here. Not handled yet, giving up!

 Advisory warning: maximum violated by  1.003D+00 in event     240
 XSEC(142,1) increased to  9.852D-08

 Advisory warning: maximum violated by  1.002D+00 in event     296
 XSEC(142,1) increased to  9.876D-08

 Advisory warning: maximum violated by  1.000D+00 in event     390
 XSEC(142,1) increased to  9.879D-08

     Advisory warning type 9 given after      482 PYEXEC calls:
     (PYPTIS:) Sorry, I got a heavy companion quark here. Not handled yet, giving up!

     Advisory warning type 9 given after      655 PYEXEC calls:
     (PYPTIS:) Sorry, I got a heavy companion quark here. Not handled yet, giving up!

 Advisory warning: maximum violated by  1.002D+00 in event    1001
 XSEC(142,1) increased to  9.895D-08

     Advisory warning type 9 given after     1351 PYEXEC calls:
     (PYPTIS:) Sorry, I got a heavy companion quark here. Not handled yet, giving up!

     Advisory warning type 9 given after     1534 PYEXEC calls:
     (PYPTIS:) Sorry, I got a heavy companion quark here. Not handled yet, giving up!

     Advisory warning type 9 given after     2191 PYEXEC calls:
     (PYPTIS:) Sorry, I got a heavy companion quark here. Not handled yet, giving up!

     Advisory warning type 9 given after     2795 PYEXEC calls:
     (PYPTIS:) Sorry, I got a heavy companion quark here. Not handled yet, giving up!

     Advisory warning type 9 given after     3113 PYEXEC calls:
     (PYPTIS:) Sorry, I got a heavy companion quark here. Not handled yet, giving up!

     Advisory warning type 9 given after     3191 PYEXEC calls:
     (PYPTIS:) Sorry, I got a heavy companion quark here. Not handled yet, giving up!

 Advisory warning: maximum violated by  1.000D+00 in event    5145
 XSEC(142,1) increased to  9.898D-08

 Advisory warning: maximum violated by  1.000D+00 in event    7706
 XSEC(142,1) increased to  9.902D-08
1********* PYSTAT:  Statistics on Number of Events and Cross-sections *********

 ==============================================================================
 I                                  I                            I            I
 I            Subprocess            I      Number of points      I    Sigma   I
 I                                  I                            I            I
 I----------------------------------I----------------------------I    (mb)    I
 I                                  I                            I            I
 I N:o Type                         I    Generated         Tried I            I
 I                                  I                            I            I
 ==============================================================================
 I                                  I                            I            I
 I   0 All included subprocesses    I        10000         34481 I  2.898D-08 I
 I 142 f + fbar' -> W'+/-           I        10000         34481 I  2.898D-08 I
 I                                  I                            I            I
 ==============================================================================

 ********* Total number of errors, excluding junctions =        0 *************
 ********* Total number of errors, including junctions =        0 *************
 ********* Total number of warnings =                          37 *************
 ********* Fraction of events that fail fragmentation cuts =  0.00000 *********

