     MSTU(12)       changed from              0 to          12345
1****************** PYINIT: initialization of PYTHIA routines *****************
 ==== PYTHIA WILL USE LHAPDF ====
 *************************************
 *       LHAPDF Version 5.6.0        *
 *************************************

 >>>>>> PDF description: <<<<<<
 CTEQ6L1 - LO with LO alpha_s                                    
 Reference:                                                      
 J. Pumplin, D.R. Stump, J. Huston, H.L. Lai, P. Nadolsky,       
 W.K. Tung                                                       
 hep-ph/0201195                                                  
 >>>>>>                   <<<<<<

 Parametrization: CTEQ6           

 ==============================================
 PDFset name /uscmst1/prod/sw/cms/slc5_amd64_gcc434/external/lhapdf/5.6.0-cms4/share/lhapdf/P
 with          1 members
 ====  initialized. ===========================
 Strong coupling at Mz for PDF is:  0.12978

 ==============================================================================
 I                                                                            I
 I              PYTHIA will be initialized for a p on p collider              I
 I                  at   8000.000 GeV center-of-mass energy                   I
 I                                                                            I
 ==============================================================================

 ******** PYMAXI: summary of differential cross-section maximum search ********

           ==========================================================
           I                                      I                 I
           I  ISUB  Subprocess name               I  Maximum value  I
           I                                      I                 I
           ==========================================================
           I                                      I                 I
           I   96   Semihard QCD 2 -> 2           I    7.7531D+03   I
           I  142   f + fbar' -> W'+/-            I    6.7402D-08   I
           I                                      I                 I
           ==========================================================

 ****** PYMULT: initialization of multiple interactions for MSTP(82) = 4 ******
        pT0 = 2.76 GeV gives sigma(parton-parton) = 4.33D+02 mb: accepted

 ****** PYMIGN: initialization of multiple interactions for MSTP(82) = 4 ******
        pT0 = 2.76 GeV gives sigma(parton-parton) = 1.70D+02 mb: accepted

 ********************** PYINIT: initialization completed **********************

 Advisory warning: maximum violated by  1.057D+00 in event      12
 XSEC(142,1) increased to  7.122D-08

 Advisory warning: maximum violated by  1.036D+00 in event      28
 XSEC(142,1) increased to  7.382D-08

 Advisory warning: maximum violated by  1.007D+00 in event      38
 XSEC(142,1) increased to  7.437D-08

 Advisory warning: maximum violated by  1.002D+00 in event     282
 XSEC(142,1) increased to  7.450D-08

     Advisory warning type 9 given after      359 PYEXEC calls:
     (PYPTIS:) Sorry, I got a heavy companion quark here. Not handled yet, giving up!

 Advisory warning: maximum violated by  1.001D+00 in event     708
 XSEC(142,1) increased to  7.454D-08

     Error type 9 has occured after      925 PYEXEC calls:
     (PYPTIS:) Weight   1.2213E+02 above unity

     Advisory warning type 9 given after     1025 PYEXEC calls:
     (PYPTIS:) Sorry, I got a heavy companion quark here. Not handled yet, giving up!

     Advisory warning type 9 given after     1654 PYEXEC calls:
     (PYPTIS:) Sorry, I got a heavy companion quark here. Not handled yet, giving up!

     Advisory warning type 9 given after     1916 PYEXEC calls:
     (PYPTIS:) Sorry, I got a heavy companion quark here. Not handled yet, giving up!

     Advisory warning type 9 given after     2345 PYEXEC calls:
     (PYPTIS:) Sorry, I got a heavy companion quark here. Not handled yet, giving up!

     Advisory warning type 9 given after     2441 PYEXEC calls:
     (PYPTIS:) Sorry, I got a heavy companion quark here. Not handled yet, giving up!

 Advisory warning: maximum violated by  1.000D+00 in event    2710
 XSEC(142,1) increased to  7.457D-08

     Advisory warning type 9 given after     2720 PYEXEC calls:
     (PYPTIS:) Sorry, I got a heavy companion quark here. Not handled yet, giving up!

     Advisory warning type 9 given after     2826 PYEXEC calls:
     (PYPTIS:) Sorry, I got a heavy companion quark here. Not handled yet, giving up!

     Advisory warning type 9 given after     3047 PYEXEC calls:
     (PYPTIS:) Weight   1.4531E+01 above unity

     Advisory warning type 9 given after     3047 PYEXEC calls:
     (PYPTIS:) Weight   1.3115E+01 above unity

     Error type 4 has occured after     7980 PYEXEC calls:
     (PYSTRF:) caught in infinite loop

     Error type 2 has occured after     7980 PYEXEC calls:
     (PYSTRF:) unphysical flavour combination

     Error type 2 has occured after     7980 PYEXEC calls:
     (PYSTRF:) unphysical flavour combination

     Error type 2 has occured after     7980 PYEXEC calls:
     (PYSTRF:) unphysical flavour combination

     Error type 2 has occured after     7980 PYEXEC calls:
     (PYSTRF:) unphysical flavour combination

     Error type 2 has occured after     7980 PYEXEC calls:
     (PYSTRF:) unphysical flavour combination

     Error type 2 has occured after     7980 PYEXEC calls:
     (PYSTRF:) unphysical flavour combination

     Error type 2 has occured after     7980 PYEXEC calls:
     (PYSTRF:) unphysical flavour combination

     Error type 2 has occured after     7980 PYEXEC calls:
     (PYSTRF:) unphysical flavour combination

     Error type 2 has occured after     7980 PYEXEC calls:
     (PYSTRF:) unphysical flavour combination

     Error type 2 has occured after     7980 PYEXEC calls:
     (PYSTRF:) unphysical flavour combination

     Error type 2 has occured after     7980 PYEXEC calls:
     (PYSTRF:) unphysical flavour combination

     Error type 2 has occured after     7980 PYEXEC calls:
     (PYSTRF:) unphysical flavour combination

     Error type 2 has occured after     7980 PYEXEC calls:
     (PYSTRF:) unphysical flavour combination

     Error type 2 has occured after     7980 PYEXEC calls:
     (PYSTRF:) unphysical flavour combination

     Error type 2 has occured after     7980 PYEXEC calls:
     (PYSTRF:) unphysical flavour combination

     Error type 2 has occured after     7980 PYEXEC calls:
     (PYSTRF:) unphysical flavour combination

     Error type 2 has occured after     7980 PYEXEC calls:
     (PYSTRF:) unphysical flavour combination

     Error type 2 has occured after     7980 PYEXEC calls:
     (PYSTRF:) unphysical flavour combination

     Error type 2 has occured after     7980 PYEXEC calls:
     (PYSTRF:) unphysical flavour combination
1********* PYSTAT:  Statistics on Number of Events and Cross-sections *********

 ==============================================================================
 I                                  I                            I            I
 I            Subprocess            I      Number of points      I    Sigma   I
 I                                  I                            I            I
 I----------------------------------I----------------------------I    (mb)    I
 I                                  I                            I            I
 I N:o Type                         I    Generated         Tried I            I
 I                                  I                            I            I
 ==============================================================================
 I                                  I                            I            I
 I   0 All included subprocesses    I        10000         33055 I  2.245D-08 I
 I 142 f + fbar' -> W'+/-           I        10000         33055 I  2.245D-08 I
 I                                  I                            I            I
 ==============================================================================

 ********* Total number of errors, excluding junctions =        0 *************
 ********* Total number of errors, including junctions =       21 *************
 ********* Total number of warnings =                          31 *************
 ********* Fraction of events that fail fragmentation cuts =  0.00020 *********

