     MSTU(12)       changed from              0 to          12345
1****************** PYINIT: initialization of PYTHIA routines *****************
 ==== PYTHIA WILL USE LHAPDF ====
 *************************************
 *       LHAPDF Version 5.6.0        *
 *************************************

 >>>>>> PDF description: <<<<<<
 CTEQ6L1 - LO with LO alpha_s                                    
 Reference:                                                      
 J. Pumplin, D.R. Stump, J. Huston, H.L. Lai, P. Nadolsky,       
 W.K. Tung                                                       
 hep-ph/0201195                                                  
 >>>>>>                   <<<<<<

 Parametrization: CTEQ6           

 ==============================================
 PDFset name /uscmst1/prod/sw/cms/slc5_amd64_gcc434/external/lhapdf/5.6.0-cms4/share/lhapdf/P
 with          1 members
 ====  initialized. ===========================
 Strong coupling at Mz for PDF is:  0.12978

 ==============================================================================
 I                                                                            I
 I              PYTHIA will be initialized for a p on p collider              I
 I                  at   8000.000 GeV center-of-mass energy                   I
 I                                                                            I
 ==============================================================================

 ******** PYMAXI: summary of differential cross-section maximum search ********

           ==========================================================
           I                                      I                 I
           I  ISUB  Subprocess name               I  Maximum value  I
           I                                      I                 I
           ==========================================================
           I                                      I                 I
           I   96   Semihard QCD 2 -> 2           I    7.7531D+03   I
           I  142   f + fbar' -> W'+/-            I    6.1876D-08   I
           I                                      I                 I
           ==========================================================

 ****** PYMULT: initialization of multiple interactions for MSTP(82) = 4 ******
        pT0 = 2.76 GeV gives sigma(parton-parton) = 4.33D+02 mb: accepted

 ****** PYMIGN: initialization of multiple interactions for MSTP(82) = 4 ******
        pT0 = 2.76 GeV gives sigma(parton-parton) = 1.70D+02 mb: accepted

 ********************** PYINIT: initialization completed **********************

 Advisory warning: maximum violated by  1.040D+00 in event       3
 XSEC(142,1) increased to  6.435D-08

 Advisory warning: maximum violated by  1.021D+00 in event      54
 XSEC(142,1) increased to  6.569D-08

 Advisory warning: maximum violated by  1.005D+00 in event      90
 XSEC(142,1) increased to  6.601D-08

 Advisory warning: maximum violated by  1.012D+00 in event     142
 XSEC(142,1) increased to  6.682D-08

 Advisory warning: maximum violated by  1.000D+00 in event     155
 XSEC(142,1) increased to  6.682D-08

 Advisory warning: maximum violated by  1.001D+00 in event     235
 XSEC(142,1) increased to  6.688D-08

 Advisory warning: maximum violated by  1.008D+00 in event     277
 XSEC(142,1) increased to  6.745D-08

     Advisory warning type 9 given after      385 PYEXEC calls:
     (PYPTIS:) Sorry, I got a heavy companion quark here. Not handled yet, giving up!

 Advisory warning: maximum violated by  1.009D+00 in event     454
 XSEC(142,1) increased to  6.803D-08

 Advisory warning: maximum violated by  1.005D+00 in event     455
 XSEC(142,1) increased to  6.837D-08

 Advisory warning: maximum violated by  1.001D+00 in event     695
 XSEC(142,1) increased to  6.847D-08

     Advisory warning type 9 given after      724 PYEXEC calls:
     (PYPTIS:) Sorry, I got a heavy companion quark here. Not handled yet, giving up!

     Error type 4 has occured after     1057 PYEXEC calls:
     (PYSTRF:) caught in infinite loop

     Error type 2 has occured after     1057 PYEXEC calls:
     (PYSTRF:) unphysical flavour combination

     Error type 2 has occured after     1057 PYEXEC calls:
     (PYSTRF:) unphysical flavour combination

     Advisory warning type 9 given after     1136 PYEXEC calls:
     (PYPTIS:) Sorry, I got a heavy companion quark here. Not handled yet, giving up!

     Advisory warning type 9 given after     1948 PYEXEC calls:
     (PYPTIS:) Sorry, I got a heavy companion quark here. Not handled yet, giving up!

     Advisory warning type 9 given after     2000 PYEXEC calls:
     (PYPTIS:) Sorry, I got a heavy companion quark here. Not handled yet, giving up!

     Advisory warning type 9 given after     2395 PYEXEC calls:
     (PYPTIS:) Sorry, I got a heavy companion quark here. Not handled yet, giving up!

     Advisory warning type 9 given after     2842 PYEXEC calls:
     (PYPTIS:) Sorry, I got a heavy companion quark here. Not handled yet, giving up!

     Advisory warning type 9 given after     3547 PYEXEC calls:
     (PYPTIS:) Sorry, I got a heavy companion quark here. Not handled yet, giving up!

     Advisory warning type 9 given after     3609 PYEXEC calls:
     (PYPTIS:) Sorry, I got a heavy companion quark here. Not handled yet, giving up!

     Advisory warning type 9 given after     3634 PYEXEC calls:
     (PYPTIS:) Sorry, I got a heavy companion quark here. Not handled yet, giving up!

 Advisory warning: maximum violated by  1.001D+00 in event    3713
 XSEC(142,1) increased to  6.851D-08

 Advisory warning: maximum violated by  1.001D+00 in event    4324
 XSEC(142,1) increased to  6.859D-08

 Advisory warning: maximum violated by  1.002D+00 in event    5940
 XSEC(142,1) increased to  6.874D-08

 Advisory warning: maximum violated by  1.001D+00 in event    6619
 XSEC(142,1) increased to  6.878D-08
1********* PYSTAT:  Statistics on Number of Events and Cross-sections *********

 ==============================================================================
 I                                  I                            I            I
 I            Subprocess            I      Number of points      I    Sigma   I
 I                                  I                            I            I
 I----------------------------------I----------------------------I    (mb)    I
 I                                  I                            I            I
 I N:o Type                         I    Generated         Tried I            I
 I                                  I                            I            I
 ==============================================================================
 I                                  I                            I            I
 I   0 All included subprocesses    I        10000         33137 I  2.072D-08 I
 I 142 f + fbar' -> W'+/-           I        10000         33137 I  2.072D-08 I
 I                                  I                            I            I
 ==============================================================================

 ********* Total number of errors, excluding junctions =        0 *************
 ********* Total number of errors, including junctions =        3 *************
 ********* Total number of warnings =                          27 *************
 ********* Fraction of events that fail fragmentation cuts =  0.00030 *********

