     MSTU(12)       changed from              0 to          12345
1****************** PYINIT: initialization of PYTHIA routines *****************
 ==== PYTHIA WILL USE LHAPDF ====
 *************************************
 *       LHAPDF Version 5.6.0        *
 *************************************

 >>>>>> PDF description: <<<<<<
 CTEQ6L1 - LO with LO alpha_s                                    
 Reference:                                                      
 J. Pumplin, D.R. Stump, J. Huston, H.L. Lai, P. Nadolsky,       
 W.K. Tung                                                       
 hep-ph/0201195                                                  
 >>>>>>                   <<<<<<

 Parametrization: CTEQ6           

 ==============================================
 PDFset name /uscmst1/prod/sw/cms/slc5_amd64_gcc434/external/lhapdf/5.6.0-cms4/share/lhapdf/P
 with          1 members
 ====  initialized. ===========================
 Strong coupling at Mz for PDF is:  0.12978

 ==============================================================================
 I                                                                            I
 I              PYTHIA will be initialized for a p on p collider              I
 I                  at   8000.000 GeV center-of-mass energy                   I
 I                                                                            I
 ==============================================================================

 ******** PYMAXI: summary of differential cross-section maximum search ********

           ==========================================================
           I                                      I                 I
           I  ISUB  Subprocess name               I  Maximum value  I
           I                                      I                 I
           ==========================================================
           I                                      I                 I
           I   96   Semihard QCD 2 -> 2           I    7.7531D+03   I
           I  142   f + fbar' -> W'+/-            I    9.9870D-08   I
           I                                      I                 I
           ==========================================================

 ****** PYMULT: initialization of multiple interactions for MSTP(82) = 4 ******
        pT0 = 2.76 GeV gives sigma(parton-parton) = 4.33D+02 mb: accepted

 ****** PYMIGN: initialization of multiple interactions for MSTP(82) = 4 ******
        pT0 = 2.76 GeV gives sigma(parton-parton) = 1.70D+02 mb: accepted

 ********************** PYINIT: initialization completed **********************

 Advisory warning: maximum violated by  1.004D+00 in event      19
 XSEC(142,1) increased to  1.003D-07

     Advisory warning type 9 given after       47 PYEXEC calls:
     (PYPTIS:) Sorry, I got a heavy companion quark here. Not handled yet, giving up!

 Advisory warning: maximum violated by  1.020D+00 in event      58
 XSEC(142,1) increased to  1.023D-07

 Advisory warning: maximum violated by  1.018D+00 in event     115
 XSEC(142,1) increased to  1.041D-07

     Advisory warning type 9 given after      144 PYEXEC calls:
     (PYPTIS:) Sorry, I got a heavy companion quark here. Not handled yet, giving up!

 Advisory warning: maximum violated by  1.010D+00 in event     160
 XSEC(142,1) increased to  1.052D-07

 Advisory warning: maximum violated by  1.008D+00 in event     275
 XSEC(142,1) increased to  1.061D-07

     Advisory warning type 9 given after      757 PYEXEC calls:
     (PYPTIS:) Sorry, I got a heavy companion quark here. Not handled yet, giving up!

     Advisory warning type 9 given after      793 PYEXEC calls:
     (PYPTIS:) Sorry, I got a heavy companion quark here. Not handled yet, giving up!

 Advisory warning: maximum violated by  1.002D+00 in event     804
 XSEC(142,1) increased to  1.062D-07

     Advisory warning type 9 given after     1011 PYEXEC calls:
     (PYPTIS:) Sorry, I got a heavy companion quark here. Not handled yet, giving up!

     Advisory warning type 9 given after     1728 PYEXEC calls:
     (PYPTIS:) Sorry, I got a heavy companion quark here. Not handled yet, giving up!

     Advisory warning type 9 given after     1882 PYEXEC calls:
     (PYPTIS:) Sorry, I got a heavy companion quark here. Not handled yet, giving up!

     Advisory warning type 9 given after     2184 PYEXEC calls:
     (PYPTIS:) Sorry, I got a heavy companion quark here. Not handled yet, giving up!

     Advisory warning type 1 given after     2430 PYEXEC calls:
     (PYSTRF:) failed to converge on JRF

     Advisory warning type 9 given after     2593 PYEXEC calls:
     (PYPTIS:) Sorry, I got a heavy companion quark here. Not handled yet, giving up!

 Advisory warning: maximum violated by  1.001D+00 in event    6447
 XSEC(142,1) increased to  1.063D-07

     Error type 9 has occured after     7355 PYEXEC calls:
     (PYPTIS:) Weight   1.5094E+00 above unity

     Error type 4 has occured after     8390 PYEXEC calls:
     (PYSTRF:) caught in infinite loop

     Error type 2 has occured after     8390 PYEXEC calls:
     (PYSTRF:) unphysical flavour combination

     Error type 2 has occured after     8390 PYEXEC calls:
     (PYSTRF:) unphysical flavour combination

     Error type 2 has occured after     8390 PYEXEC calls:
     (PYSTRF:) unphysical flavour combination

     Error type 2 has occured after     8390 PYEXEC calls:
     (PYSTRF:) unphysical flavour combination

     Error type 2 has occured after     8390 PYEXEC calls:
     (PYSTRF:) unphysical flavour combination

     Error type 2 has occured after     8390 PYEXEC calls:
     (PYSTRF:) unphysical flavour combination

     Error type 2 has occured after     8390 PYEXEC calls:
     (PYSTRF:) unphysical flavour combination

     Error type 2 has occured after     8390 PYEXEC calls:
     (PYSTRF:) unphysical flavour combination

     Error type 2 has occured after     8390 PYEXEC calls:
     (PYSTRF:) unphysical flavour combination

     Error type 2 has occured after     8390 PYEXEC calls:
     (PYSTRF:) unphysical flavour combination

     Error type 2 has occured after     8390 PYEXEC calls:
     (PYSTRF:) unphysical flavour combination

     Error type 2 has occured after     8390 PYEXEC calls:
     (PYSTRF:) unphysical flavour combination

     Error type 2 has occured after     8390 PYEXEC calls:
     (PYSTRF:) unphysical flavour combination

     Error type 2 has occured after     8390 PYEXEC calls:
     (PYSTRF:) unphysical flavour combination

     Error type 2 has occured after     8390 PYEXEC calls:
     (PYSTRF:) unphysical flavour combination

     Error type 2 has occured after     8390 PYEXEC calls:
     (PYSTRF:) unphysical flavour combination

     Error type 2 has occured after     8390 PYEXEC calls:
     (PYSTRF:) unphysical flavour combination

     Error type 2 has occured after     8390 PYEXEC calls:
     (PYSTRF:) unphysical flavour combination

     Error type 2 has occured after     8390 PYEXEC calls:
     (PYSTRF:) unphysical flavour combination

     Error type 2 has occured after     8390 PYEXEC calls:
     (PYSTRF:) unphysical flavour combination

     Error type 2 has occured after     8390 PYEXEC calls:
     (PYSTRF:) unphysical flavour combination

     Error type 2 has occured after     8390 PYEXEC calls:
     (PYSTRF:) unphysical flavour combination

     Error type 2 has occured after     8390 PYEXEC calls:
     (PYSTRF:) unphysical flavour combination

     Error type 2 has occured after     8390 PYEXEC calls:
     (PYSTRF:) unphysical flavour combination

     Error type 2 has occured after     8390 PYEXEC calls:
     (PYSTRF:) unphysical flavour combination
1********* PYSTAT:  Statistics on Number of Events and Cross-sections *********

 ==============================================================================
 I                                  I                            I            I
 I            Subprocess            I      Number of points      I    Sigma   I
 I                                  I                            I            I
 I----------------------------------I----------------------------I    (mb)    I
 I                                  I                            I            I
 I N:o Type                         I    Generated         Tried I            I
 I                                  I                            I            I
 ==============================================================================
 I                                  I                            I            I
 I   0 All included subprocesses    I        10000         34583 I  3.078D-08 I
 I 142 f + fbar' -> W'+/-           I        10000         34583 I  3.078D-08 I
 I                                  I                            I            I
 ==============================================================================

 ********* Total number of errors, excluding junctions =        0 *************
 ********* Total number of errors, including junctions =       27 *************
 ********* Total number of warnings =                          27 *************
 ********* Fraction of events that fail fragmentation cuts =  0.00010 *********

