     MSTU(12)       changed from              0 to          12345
1****************** PYINIT: initialization of PYTHIA routines *****************
 ==== PYTHIA WILL USE LHAPDF ====
 *************************************
 *       LHAPDF Version 5.6.0        *
 *************************************

 >>>>>> PDF description: <<<<<<
 CTEQ6L1 - LO with LO alpha_s                                    
 Reference:                                                      
 J. Pumplin, D.R. Stump, J. Huston, H.L. Lai, P. Nadolsky,       
 W.K. Tung                                                       
 hep-ph/0201195                                                  
 >>>>>>                   <<<<<<

 Parametrization: CTEQ6           

 ==============================================
 PDFset name /uscmst1/prod/sw/cms/slc5_amd64_gcc434/external/lhapdf/5.6.0-cms4/share/lhapdf/P
 with          1 members
 ====  initialized. ===========================
 Strong coupling at Mz for PDF is:  0.12978

 ==============================================================================
 I                                                                            I
 I              PYTHIA will be initialized for a p on p collider              I
 I                  at   8000.000 GeV center-of-mass energy                   I
 I                                                                            I
 ==============================================================================

 ******** PYMAXI: summary of differential cross-section maximum search ********

           ==========================================================
           I                                      I                 I
           I  ISUB  Subprocess name               I  Maximum value  I
           I                                      I                 I
           ==========================================================
           I                                      I                 I
           I   96   Semihard QCD 2 -> 2           I    7.7531D+03   I
           I  142   f + fbar' -> W'+/-            I    4.4153D-11   I
           I                                      I                 I
           ==========================================================

 ****** PYMULT: initialization of multiple interactions for MSTP(82) = 4 ******
        pT0 = 2.76 GeV gives sigma(parton-parton) = 4.33D+02 mb: accepted

 ****** PYMIGN: initialization of multiple interactions for MSTP(82) = 4 ******
        pT0 = 2.76 GeV gives sigma(parton-parton) = 1.70D+02 mb: accepted

 ********************** PYINIT: initialization completed **********************

     Advisory warning type 9 given after     2039 PYEXEC calls:
     (PYPTIS:) Sorry, I got a heavy companion quark here. Not handled yet, giving up!

     Advisory warning type 9 given after     2955 PYEXEC calls:
     (PYPTIS:) Sorry, I got a heavy companion quark here. Not handled yet, giving up!

     Advisory warning type 9 given after     3174 PYEXEC calls:
     (PYPTIS:) Sorry, I got a heavy companion quark here. Not handled yet, giving up!

     Advisory warning type 9 given after     3239 PYEXEC calls:
     (PYPTIS:) Sorry, I got a heavy companion quark here. Not handled yet, giving up!

     Advisory warning type 9 given after     4286 PYEXEC calls:
     (PYPTIS:) Sorry, I got a heavy companion quark here. Not handled yet, giving up!

     Advisory warning type 9 given after     4408 PYEXEC calls:
     (PYPTIS:) Sorry, I got a heavy companion quark here. Not handled yet, giving up!

     Advisory warning type 9 given after     4472 PYEXEC calls:
     (PYPTIS:) Sorry, I got a heavy companion quark here. Not handled yet, giving up!

     Advisory warning type 9 given after     6506 PYEXEC calls:
     (PYPTIS:) Sorry, I got a heavy companion quark here. Not handled yet, giving up!

     Error type 9 has occured after     6588 PYEXEC calls:
     (PYPTIS:) Weight   1.5439E+00 above unity

     Advisory warning type 9 given after     6887 PYEXEC calls:
     (PYPTIS:) Sorry, I got a heavy companion quark here. Not handled yet, giving up!

     Advisory warning type 9 given after     7008 PYEXEC calls:
     (PYPTIS:) Sorry, I got a heavy companion quark here. Not handled yet, giving up!

     Error type 4 has occured after     8880 PYEXEC calls:
     (PYSTRF:) caught in infinite loop

     Error type 2 has occured after     8880 PYEXEC calls:
     (PYSTRF:) unphysical flavour combination

     Error type 2 has occured after     8880 PYEXEC calls:
     (PYSTRF:) unphysical flavour combination

     Error type 2 has occured after     8880 PYEXEC calls:
     (PYSTRF:) unphysical flavour combination

     Error type 2 has occured after     8880 PYEXEC calls:
     (PYSTRF:) unphysical flavour combination

     Error type 2 has occured after     8880 PYEXEC calls:
     (PYSTRF:) unphysical flavour combination

     Error type 2 has occured after     8880 PYEXEC calls:
     (PYSTRF:) unphysical flavour combination

     Error type 2 has occured after     8880 PYEXEC calls:
     (PYSTRF:) unphysical flavour combination

     Error type 2 has occured after     8880 PYEXEC calls:
     (PYSTRF:) unphysical flavour combination

     Error type 2 has occured after     8880 PYEXEC calls:
     (PYSTRF:) unphysical flavour combination

     Error type 2 has occured after     8880 PYEXEC calls:
     (PYSTRF:) unphysical flavour combination

     Error type 2 has occured after     8880 PYEXEC calls:
     (PYSTRF:) unphysical flavour combination

     Error type 2 has occured after     8880 PYEXEC calls:
     (PYSTRF:) unphysical flavour combination

     Error type 2 has occured after     8880 PYEXEC calls:
     (PYSTRF:) unphysical flavour combination

     Error type 9 has occured after     9088 PYEXEC calls:
     (PYPTIS:) Weight   4.6874E+00 above unity

     Error type 9 has occured after     9088 PYEXEC calls:
     (PYPTIS:) Weight   3.4615E+02 above unity

     Error type 9 has occured after     9602 PYEXEC calls:
     (PYPTIS:) Weight   1.6511E+03 above unity

     Error type 9 has occured after     9672 PYEXEC calls:
     (PYPTIS:) Weight   1.0656E+00 above unity
1********* PYSTAT:  Statistics on Number of Events and Cross-sections *********

 ==============================================================================
 I                                  I                            I            I
 I            Subprocess            I      Number of points      I    Sigma   I
 I                                  I                            I            I
 I----------------------------------I----------------------------I    (mb)    I
 I                                  I                            I            I
 I N:o Type                         I    Generated         Tried I            I
 I                                  I                            I            I
 ==============================================================================
 I                                  I                            I            I
 I   0 All included subprocesses    I        10000         29004 I  1.515D-11 I
 I 142 f + fbar' -> W'+/-           I        10000         29004 I  1.515D-11 I
 I                                  I                            I            I
 ==============================================================================

 ********* Total number of errors, excluding junctions =        0 *************
 ********* Total number of errors, including junctions =       19 *************
 ********* Total number of warnings =                          24 *************
 ********* Fraction of events that fail fragmentation cuts =  0.00010 *********

