     MSTU(12)       changed from              0 to          12345
1****************** PYINIT: initialization of PYTHIA routines *****************
 ==== PYTHIA WILL USE LHAPDF ====
 *************************************
 *       LHAPDF Version 5.6.0        *
 *************************************

 >>>>>> PDF description: <<<<<<
 CTEQ6L1 - LO with LO alpha_s                                    
 Reference:                                                      
 J. Pumplin, D.R. Stump, J. Huston, H.L. Lai, P. Nadolsky,       
 W.K. Tung                                                       
 hep-ph/0201195                                                  
 >>>>>>                   <<<<<<

 Parametrization: CTEQ6           

 ==============================================
 PDFset name /uscmst1/prod/sw/cms/slc5_amd64_gcc434/external/lhapdf/5.6.0-cms4/share/lhapdf/P
 with          1 members
 ====  initialized. ===========================
 Strong coupling at Mz for PDF is:  0.12978

 ==============================================================================
 I                                                                            I
 I              PYTHIA will be initialized for a p on p collider              I
 I                  at   8000.000 GeV center-of-mass energy                   I
 I                                                                            I
 ==============================================================================

 ******** PYMAXI: summary of differential cross-section maximum search ********

           ==========================================================
           I                                      I                 I
           I  ISUB  Subprocess name               I  Maximum value  I
           I                                      I                 I
           ==========================================================
           I                                      I                 I
           I   96   Semihard QCD 2 -> 2           I    7.7531D+03   I
           I  142   f + fbar' -> W'+/-            I    1.6310D-11   I
           I                                      I                 I
           ==========================================================

 ****** PYMULT: initialization of multiple interactions for MSTP(82) = 4 ******
        pT0 = 2.76 GeV gives sigma(parton-parton) = 4.33D+02 mb: accepted

 ****** PYMIGN: initialization of multiple interactions for MSTP(82) = 4 ******
        pT0 = 2.76 GeV gives sigma(parton-parton) = 1.70D+02 mb: accepted

 ********************** PYINIT: initialization completed **********************

     Error type 9 has occured after     1664 PYEXEC calls:
     (PYPTIS:) Weight   6.6787E+00 above unity

     Advisory warning type 9 given after     2525 PYEXEC calls:
     (PYPTIS:) Sorry, I got a heavy companion quark here. Not handled yet, giving up!

     Error type 9 has occured after     3455 PYEXEC calls:
     (PYPTIS:) Weight   2.5565E+02 above unity

     Advisory warning type 9 given after     3455 PYEXEC calls:
     (PYPTIS:) Weight   6.6019E+00 above unity

     Error type 9 has occured after     3455 PYEXEC calls:
     (PYPTIS:) Weight   2.0156E+03 above unity

     Advisory warning type 9 given after     3792 PYEXEC calls:
     (PYPTIS:) Sorry, I got a heavy companion quark here. Not handled yet, giving up!

     Advisory warning type 9 given after     5298 PYEXEC calls:
     (PYPTIS:) Sorry, I got a heavy companion quark here. Not handled yet, giving up!

     Error type 4 has occured after     6812 PYEXEC calls:
     (PYSTRF:) caught in infinite loop

     Error type 2 has occured after     6812 PYEXEC calls:
     (PYSTRF:) unphysical flavour combination

     Advisory warning type 9 given after     7152 PYEXEC calls:
     (PYPTIS:) Sorry, I got a heavy companion quark here. Not handled yet, giving up!

     Advisory warning type 9 given after     7475 PYEXEC calls:
     (PYPTIS:) Sorry, I got a heavy companion quark here. Not handled yet, giving up!

     Advisory warning type 9 given after     8129 PYEXEC calls:
     (PYPTIS:) Sorry, I got a heavy companion quark here. Not handled yet, giving up!

     Advisory warning type 9 given after     8161 PYEXEC calls:
     (PYPTIS:) Sorry, I got a heavy companion quark here. Not handled yet, giving up!

     Advisory warning type 9 given after     8426 PYEXEC calls:
     (PYPTIS:) Sorry, I got a heavy companion quark here. Not handled yet, giving up!

     Advisory warning type 9 given after     8752 PYEXEC calls:
     (PYPTIS:) Sorry, I got a heavy companion quark here. Not handled yet, giving up!

     Error type 4 has occured after     8959 PYEXEC calls:
     (PYSTRF:) caught in infinite loop

     Error type 2 has occured after     8959 PYEXEC calls:
     (PYSTRF:) unphysical flavour combination

     Error type 9 has occured after     9900 PYEXEC calls:
     (PYPTIS:) Weight   2.2406E+03 above unity

     Error type 9 has occured after     9900 PYEXEC calls:
     (PYPTIS:) Weight   1.7166E+00 above unity
1********* PYSTAT:  Statistics on Number of Events and Cross-sections *********

 ==============================================================================
 I                                  I                            I            I
 I            Subprocess            I      Number of points      I    Sigma   I
 I                                  I                            I            I
 I----------------------------------I----------------------------I    (mb)    I
 I                                  I                            I            I
 I N:o Type                         I    Generated         Tried I            I
 I                                  I                            I            I
 ==============================================================================
 I                                  I                            I            I
 I   0 All included subprocesses    I        10000         49824 I  3.322D-12 I
 I 142 f + fbar' -> W'+/-           I        10000         49824 I  3.322D-12 I
 I                                  I                            I            I
 ==============================================================================

 ********* Total number of errors, excluding junctions =        0 *************
 ********* Total number of errors, including junctions =        9 *************
 ********* Total number of warnings =                          12 *************
 ********* Fraction of events that fail fragmentation cuts =  0.00030 *********

