     MSTU(12)       changed from              0 to          12345
1****************** PYINIT: initialization of PYTHIA routines *****************
 ==== PYTHIA WILL USE LHAPDF ====
 *************************************
 *       LHAPDF Version 5.6.0        *
 *************************************

 >>>>>> PDF description: <<<<<<
 CTEQ6L1 - LO with LO alpha_s                                    
 Reference:                                                      
 J. Pumplin, D.R. Stump, J. Huston, H.L. Lai, P. Nadolsky,       
 W.K. Tung                                                       
 hep-ph/0201195                                                  
 >>>>>>                   <<<<<<

 Parametrization: CTEQ6           

 ==============================================
 PDFset name /uscmst1/prod/sw/cms/slc5_amd64_gcc434/external/lhapdf/5.6.0-cms4/share/lhapdf/P
 with          1 members
 ====  initialized. ===========================
 Strong coupling at Mz for PDF is:  0.12978

 ==============================================================================
 I                                                                            I
 I              PYTHIA will be initialized for a p on p collider              I
 I                  at   8000.000 GeV center-of-mass energy                   I
 I                                                                            I
 ==============================================================================

 ******** PYMAXI: summary of differential cross-section maximum search ********

           ==========================================================
           I                                      I                 I
           I  ISUB  Subprocess name               I  Maximum value  I
           I                                      I                 I
           ==========================================================
           I                                      I                 I
           I   96   Semihard QCD 2 -> 2           I    7.7531D+03   I
           I  142   f + fbar' -> W'+/-            I    9.7239D-08   I
           I                                      I                 I
           ==========================================================

 ****** PYMULT: initialization of multiple interactions for MSTP(82) = 4 ******
        pT0 = 2.76 GeV gives sigma(parton-parton) = 4.33D+02 mb: accepted

 ****** PYMIGN: initialization of multiple interactions for MSTP(82) = 4 ******
        pT0 = 2.76 GeV gives sigma(parton-parton) = 1.70D+02 mb: accepted

 ********************** PYINIT: initialization completed **********************

 Advisory warning: maximum violated by  1.047D+00 in event      39
 XSEC(142,1) increased to  1.019D-07

     Advisory warning type 9 given after      235 PYEXEC calls:
     (PYPTIS:) no phase space left for massive quark creation. Gave up trying.

 Advisory warning: maximum violated by  1.004D+00 in event     294
 XSEC(142,1) increased to  1.023D-07

 Advisory warning: maximum violated by  1.001D+00 in event     350
 XSEC(142,1) increased to  1.025D-07

 Advisory warning: maximum violated by  1.010D+00 in event     679
 XSEC(142,1) increased to  1.035D-07

     Error type 9 has occured after      853 PYEXEC calls:
     (PYPTIS:) Weight   7.5744E+01 above unity

     Error type 4 has occured after      894 PYEXEC calls:
     (PYSTRF:) caught in infinite loop

     Error type 2 has occured after      894 PYEXEC calls:
     (PYSTRF:) unphysical flavour combination

     Error type 2 has occured after      894 PYEXEC calls:
     (PYSTRF:) unphysical flavour combination

     Error type 2 has occured after      894 PYEXEC calls:
     (PYSTRF:) unphysical flavour combination

     Error type 2 has occured after      894 PYEXEC calls:
     (PYSTRF:) unphysical flavour combination

     Error type 2 has occured after      894 PYEXEC calls:
     (PYSTRF:) unphysical flavour combination

     Error type 2 has occured after      894 PYEXEC calls:
     (PYSTRF:) unphysical flavour combination

     Error type 2 has occured after      894 PYEXEC calls:
     (PYSTRF:) unphysical flavour combination

     Error type 2 has occured after      894 PYEXEC calls:
     (PYSTRF:) unphysical flavour combination

     Error type 2 has occured after      894 PYEXEC calls:
     (PYSTRF:) unphysical flavour combination

     Error type 2 has occured after      894 PYEXEC calls:
     (PYSTRF:) unphysical flavour combination

     Error type 2 has occured after      894 PYEXEC calls:
     (PYSTRF:) unphysical flavour combination

     Error type 2 has occured after      894 PYEXEC calls:
     (PYSTRF:) unphysical flavour combination

     Error type 2 has occured after      894 PYEXEC calls:
     (PYSTRF:) unphysical flavour combination

     Error type 2 has occured after      894 PYEXEC calls:
     (PYSTRF:) unphysical flavour combination

     Error type 2 has occured after      894 PYEXEC calls:
     (PYSTRF:) unphysical flavour combination

     Error type 2 has occured after      894 PYEXEC calls:
     (PYSTRF:) unphysical flavour combination

     Error type 2 has occured after      894 PYEXEC calls:
     (PYSTRF:) unphysical flavour combination

     Error type 2 has occured after      894 PYEXEC calls:
     (PYSTRF:) unphysical flavour combination

     Error type 2 has occured after      894 PYEXEC calls:
     (PYSTRF:) unphysical flavour combination

     Error type 2 has occured after      894 PYEXEC calls:
     (PYSTRF:) unphysical flavour combination

     Error type 2 has occured after      894 PYEXEC calls:
     (PYSTRF:) unphysical flavour combination

     Error type 2 has occured after      894 PYEXEC calls:
     (PYSTRF:) unphysical flavour combination

     Error type 2 has occured after      894 PYEXEC calls:
     (PYSTRF:) unphysical flavour combination

     Error type 2 has occured after      894 PYEXEC calls:
     (PYSTRF:) unphysical flavour combination

     Error type 2 has occured after      894 PYEXEC calls:
     (PYSTRF:) unphysical flavour combination

     Error type 2 has occured after      894 PYEXEC calls:
     (PYSTRF:) unphysical flavour combination

     Error type 2 has occured after      894 PYEXEC calls:
     (PYSTRF:) unphysical flavour combination

     Error type 2 has occured after      894 PYEXEC calls:
     (PYSTRF:) unphysical flavour combination

     Error type 2 has occured after      894 PYEXEC calls:
     (PYSTRF:) unphysical flavour combination

     Error type 2 has occured after      894 PYEXEC calls:
     (PYSTRF:) unphysical flavour combination

     Error type 2 has occured after      894 PYEXEC calls:
     (PYSTRF:) unphysical flavour combination

     Error type 2 has occured after      894 PYEXEC calls:
     (PYSTRF:) unphysical flavour combination

     Error type 2 has occured after      894 PYEXEC calls:
     (PYSTRF:) unphysical flavour combination

     Error type 2 has occured after      894 PYEXEC calls:
     (PYSTRF:) unphysical flavour combination

     Error type 2 has occured after      894 PYEXEC calls:
     (PYSTRF:) unphysical flavour combination

     Error type 2 has occured after      894 PYEXEC calls:
     (PYSTRF:) unphysical flavour combination

     Error type 2 has occured after      894 PYEXEC calls:
     (PYSTRF:) unphysical flavour combination

     Error type 2 has occured after      894 PYEXEC calls:
     (PYSTRF:) unphysical flavour combination

     Error type 2 has occured after      894 PYEXEC calls:
     (PYSTRF:) unphysical flavour combination

     Error type 2 has occured after      894 PYEXEC calls:
     (PYSTRF:) unphysical flavour combination

     Error type 2 has occured after      894 PYEXEC calls:
     (PYSTRF:) unphysical flavour combination

     Error type 2 has occured after      894 PYEXEC calls:
     (PYSTRF:) unphysical flavour combination

     Error type 2 has occured after      894 PYEXEC calls:
     (PYSTRF:) unphysical flavour combination

     Error type 2 has occured after      894 PYEXEC calls:
     (PYSTRF:) unphysical flavour combination

     Error type 2 has occured after      894 PYEXEC calls:
     (PYSTRF:) unphysical flavour combination

     Error type 2 has occured after      894 PYEXEC calls:
     (PYSTRF:) unphysical flavour combination

     Error type 2 has occured after      894 PYEXEC calls:
     (PYSTRF:) unphysical flavour combination

     Error type 2 has occured after      894 PYEXEC calls:
     (PYSTRF:) unphysical flavour combination

     Error type 2 has occured after      894 PYEXEC calls:
     (PYSTRF:) unphysical flavour combination

     Error type 2 has occured after      894 PYEXEC calls:
     (PYSTRF:) unphysical flavour combination

     Error type 2 has occured after      894 PYEXEC calls:
     (PYSTRF:) unphysical flavour combination

     Error type 2 has occured after      894 PYEXEC calls:
     (PYSTRF:) unphysical flavour combination

     Error type 2 has occured after      894 PYEXEC calls:
     (PYSTRF:) unphysical flavour combination

     Error type 2 has occured after      894 PYEXEC calls:
     (PYSTRF:) unphysical flavour combination

     Error type 2 has occured after      894 PYEXEC calls:
     (PYSTRF:) unphysical flavour combination

     Error type 2 has occured after      894 PYEXEC calls:
     (PYSTRF:) unphysical flavour combination

     Error type 2 has occured after      894 PYEXEC calls:
     (PYSTRF:) unphysical flavour combination

     Error type 2 has occured after      894 PYEXEC calls:
     (PYSTRF:) unphysical flavour combination

     Error type 2 has occured after      894 PYEXEC calls:
     (PYSTRF:) unphysical flavour combination

     Error type 2 has occured after      894 PYEXEC calls:
     (PYSTRF:) unphysical flavour combination

     Error type 2 has occured after      894 PYEXEC calls:
     (PYSTRF:) unphysical flavour combination

     Error type 2 has occured after      894 PYEXEC calls:
     (PYSTRF:) unphysical flavour combination

     Error type 2 has occured after      894 PYEXEC calls:
     (PYSTRF:) unphysical flavour combination

     Error type 2 has occured after      894 PYEXEC calls:
     (PYSTRF:) unphysical flavour combination

     Error type 2 has occured after      894 PYEXEC calls:
     (PYSTRF:) unphysical flavour combination

     Error type 2 has occured after      894 PYEXEC calls:
     (PYSTRF:) unphysical flavour combination

     Error type 2 has occured after      894 PYEXEC calls:
     (PYSTRF:) unphysical flavour combination

     Error type 2 has occured after      894 PYEXEC calls:
     (PYSTRF:) unphysical flavour combination

     Error type 2 has occured after      894 PYEXEC calls:
     (PYSTRF:) unphysical flavour combination

     Error type 2 has occured after      894 PYEXEC calls:
     (PYSTRF:) unphysical flavour combination

     Error type 2 has occured after      894 PYEXEC calls:
     (PYSTRF:) unphysical flavour combination

     Error type 2 has occured after      894 PYEXEC calls:
     (PYSTRF:) unphysical flavour combination

     Error type 2 has occured after      894 PYEXEC calls:
     (PYSTRF:) unphysical flavour combination

     Error type 2 has occured after      894 PYEXEC calls:
     (PYSTRF:) unphysical flavour combination

     Error type 2 has occured after      894 PYEXEC calls:
     (PYSTRF:) unphysical flavour combination

     Error type 2 has occured after      894 PYEXEC calls:
     (PYSTRF:) unphysical flavour combination

     Error type 2 has occured after      894 PYEXEC calls:
     (PYSTRF:) unphysical flavour combination

     Error type 2 has occured after      894 PYEXEC calls:
     (PYSTRF:) unphysical flavour combination

     Error type 2 has occured after      894 PYEXEC calls:
     (PYSTRF:) unphysical flavour combination

     Error type 2 has occured after      894 PYEXEC calls:
     (PYSTRF:) unphysical flavour combination

     Advisory warning type 9 given after      942 PYEXEC calls:
     (PYPTIS:) Sorry, I got a heavy companion quark here. Not handled yet, giving up!

     Advisory warning type 9 given after     1070 PYEXEC calls:
     (PYPTIS:) Sorry, I got a heavy companion quark here. Not handled yet, giving up!

     Advisory warning type 9 given after     1308 PYEXEC calls:
     (PYPTIS:) Sorry, I got a heavy companion quark here. Not handled yet, giving up!

     Advisory warning type 9 given after     1689 PYEXEC calls:
     (PYPTIS:) Sorry, I got a heavy companion quark here. Not handled yet, giving up!

 Advisory warning: maximum violated by  1.001D+00 in event    1788
 XSEC(142,1) increased to  1.036D-07

     Advisory warning type 9 given after     1995 PYEXEC calls:
     (PYPTIS:) Sorry, I got a heavy companion quark here. Not handled yet, giving up!

     Advisory warning type 9 given after     2046 PYEXEC calls:
     (PYPTIS:) Sorry, I got a heavy companion quark here. Not handled yet, giving up!

     Advisory warning type 9 given after     2088 PYEXEC calls:
     (PYPTIS:) Sorry, I got a heavy companion quark here. Not handled yet, giving up!

     Advisory warning type 9 given after     2110 PYEXEC calls:
     (PYPTIS:) Sorry, I got a heavy companion quark here. Not handled yet, giving up!

     Advisory warning type 9 given after     2221 PYEXEC calls:
     (PYPTIS:) Sorry, I got a heavy companion quark here. Not handled yet, giving up!

 Advisory warning: maximum violated by  1.001D+00 in event    3694
 XSEC(142,1) increased to  1.037D-07

 Advisory warning: maximum violated by  1.000D+00 in event    4112
 XSEC(142,1) increased to  1.038D-07

 Advisory warning: maximum violated by  1.000D+00 in event    4232
 XSEC(142,1) increased to  1.038D-07

 Advisory warning: maximum violated by  1.002D+00 in event    4399
 XSEC(142,1) increased to  1.040D-07
1********* PYSTAT:  Statistics on Number of Events and Cross-sections *********

 ==============================================================================
 I                                  I                            I            I
 I            Subprocess            I      Number of points      I    Sigma   I
 I                                  I                            I            I
 I----------------------------------I----------------------------I    (mb)    I
 I                                  I                            I            I
 I N:o Type                         I    Generated         Tried I            I
 I                                  I                            I            I
 ==============================================================================
 I                                  I                            I            I
 I   0 All included subprocesses    I        10000         34384 I  3.047D-08 I
 I 142 f + fbar' -> W'+/-           I        10000         34384 I  3.047D-08 I
 I                                  I                            I            I
 ==============================================================================

 ********* Total number of errors, excluding junctions =        0 *************
 ********* Total number of errors, including junctions =       82 *************
 ********* Total number of warnings =                          32 *************
 ********* Fraction of events that fail fragmentation cuts =  0.00030 *********

