     MSTU(12)       changed from              0 to          12345
1****************** PYINIT: initialization of PYTHIA routines *****************
 ==== PYTHIA WILL USE LHAPDF ====
 *************************************
 *       LHAPDF Version 5.6.0        *
 *************************************

 >>>>>> PDF description: <<<<<<
 CTEQ6L1 - LO with LO alpha_s                                    
 Reference:                                                      
 J. Pumplin, D.R. Stump, J. Huston, H.L. Lai, P. Nadolsky,       
 W.K. Tung                                                       
 hep-ph/0201195                                                  
 >>>>>>                   <<<<<<

 Parametrization: CTEQ6           

 ==============================================
 PDFset name /uscmst1/prod/sw/cms/slc5_amd64_gcc434/external/lhapdf/5.6.0-cms4/share/lhapdf/P
 with          1 members
 ====  initialized. ===========================
 Strong coupling at Mz for PDF is:  0.12978

 ==============================================================================
 I                                                                            I
 I              PYTHIA will be initialized for a p on p collider              I
 I                  at   8000.000 GeV center-of-mass energy                   I
 I                                                                            I
 ==============================================================================

 ******** PYMAXI: summary of differential cross-section maximum search ********

           ==========================================================
           I                                      I                 I
           I  ISUB  Subprocess name               I  Maximum value  I
           I                                      I                 I
           ==========================================================
           I                                      I                 I
           I   96   Semihard QCD 2 -> 2           I    7.7531D+03   I
           I  142   f + fbar' -> W'+/-            I    2.7483D-08   I
           I                                      I                 I
           ==========================================================

 ****** PYMULT: initialization of multiple interactions for MSTP(82) = 4 ******
        pT0 = 2.76 GeV gives sigma(parton-parton) = 4.33D+02 mb: accepted

 ****** PYMIGN: initialization of multiple interactions for MSTP(82) = 4 ******
        pT0 = 2.76 GeV gives sigma(parton-parton) = 1.70D+02 mb: accepted

 ********************** PYINIT: initialization completed **********************

 Advisory warning: maximum violated by  1.028D+00 in event      14
 XSEC(142,1) increased to  2.825D-08

 Advisory warning: maximum violated by  1.005D+00 in event      34
 XSEC(142,1) increased to  2.839D-08

 Advisory warning: maximum violated by  1.044D+00 in event     122
 XSEC(142,1) increased to  2.963D-08

 Advisory warning: maximum violated by  1.023D+00 in event     129
 XSEC(142,1) increased to  3.031D-08

 Advisory warning: maximum violated by  1.001D+00 in event     186
 XSEC(142,1) increased to  3.034D-08

 Advisory warning: maximum violated by  1.003D+00 in event     260
 XSEC(142,1) increased to  3.042D-08

 Advisory warning: maximum violated by  1.017D+00 in event     492
 XSEC(142,1) increased to  3.093D-08

     Advisory warning type 9 given after     1051 PYEXEC calls:
     (PYPTIS:) Sorry, I got a heavy companion quark here. Not handled yet, giving up!

 Advisory warning: maximum violated by  1.004D+00 in event    1277
 XSEC(142,1) increased to  3.105D-08

     Advisory warning type 9 given after     1751 PYEXEC calls:
     (PYPTIS:) Sorry, I got a heavy companion quark here. Not handled yet, giving up!

     Advisory warning type 9 given after     1840 PYEXEC calls:
     (PYPTIS:) Sorry, I got a heavy companion quark here. Not handled yet, giving up!

 Advisory warning: maximum violated by  1.000D+00 in event    1888
 XSEC(142,1) increased to  3.105D-08

     Advisory warning type 9 given after     2091 PYEXEC calls:
     (PYPTIS:) Sorry, I got a heavy companion quark here. Not handled yet, giving up!

     Advisory warning type 9 given after     2121 PYEXEC calls:
     (PYPTIS:) Sorry, I got a heavy companion quark here. Not handled yet, giving up!

     Advisory warning type 9 given after     2234 PYEXEC calls:
     (PYPTIS:) Sorry, I got a heavy companion quark here. Not handled yet, giving up!

     Advisory warning type 9 given after     2937 PYEXEC calls:
     (PYPTIS:) Sorry, I got a heavy companion quark here. Not handled yet, giving up!

     Advisory warning type 9 given after     3046 PYEXEC calls:
     (PYPTIS:) Sorry, I got a heavy companion quark here. Not handled yet, giving up!

     Advisory warning type 9 given after     4217 PYEXEC calls:
     (PYPTIS:) Sorry, I got a heavy companion quark here. Not handled yet, giving up!

     Advisory warning type 9 given after     4303 PYEXEC calls:
     (PYPTIS:) Sorry, I got a heavy companion quark here. Not handled yet, giving up!

     Error type 4 has occured after     5319 PYEXEC calls:
     (PYSTRF:) caught in infinite loop

     Error type 2 has occured after     5319 PYEXEC calls:
     (PYSTRF:) unphysical flavour combination

 Advisory warning: maximum violated by  1.000D+00 in event    7218
 XSEC(142,1) increased to  3.107D-08

 Advisory warning: maximum violated by  1.000D+00 in event    8111
 XSEC(142,1) increased to  3.107D-08

     Error type 4 has occured after     9702 PYEXEC calls:
     (PYSTRF:) caught in infinite loop

     Error type 2 has occured after     9702 PYEXEC calls:
     (PYSTRF:) unphysical flavour combination

     Error type 2 has occured after     9702 PYEXEC calls:
     (PYSTRF:) unphysical flavour combination

     Error type 2 has occured after     9702 PYEXEC calls:
     (PYSTRF:) unphysical flavour combination

     Error type 2 has occured after     9702 PYEXEC calls:
     (PYINDF:) unphysical flavour combination
1********* PYSTAT:  Statistics on Number of Events and Cross-sections *********

 ==============================================================================
 I                                  I                            I            I
 I            Subprocess            I      Number of points      I    Sigma   I
 I                                  I                            I            I
 I----------------------------------I----------------------------I    (mb)    I
 I                                  I                            I            I
 I N:o Type                         I    Generated         Tried I            I
 I                                  I                            I            I
 ==============================================================================
 I                                  I                            I            I
 I   0 All included subprocesses    I        10000         31550 I  9.750D-09 I
 I 142 f + fbar' -> W'+/-           I        10000         31550 I  9.750D-09 I
 I                                  I                            I            I
 ==============================================================================

 ********* Total number of errors, excluding junctions =        0 *************
 ********* Total number of errors, including junctions =        7 *************
 ********* Total number of warnings =                          29 *************
 ********* Fraction of events that fail fragmentation cuts =  0.00020 *********

