     MSTU(12)       changed from              0 to          12345
1****************** PYINIT: initialization of PYTHIA routines *****************
 ==== PYTHIA WILL USE LHAPDF ====
 *************************************
 *       LHAPDF Version 5.6.0        *
 *************************************

 >>>>>> PDF description: <<<<<<
 CTEQ6L1 - LO with LO alpha_s                                    
 Reference:                                                      
 J. Pumplin, D.R. Stump, J. Huston, H.L. Lai, P. Nadolsky,       
 W.K. Tung                                                       
 hep-ph/0201195                                                  
 >>>>>>                   <<<<<<

 Parametrization: CTEQ6           

 ==============================================
 PDFset name /uscmst1/prod/sw/cms/slc5_amd64_gcc434/external/lhapdf/5.6.0-cms4/share/lhapdf/P
 with          1 members
 ====  initialized. ===========================
 Strong coupling at Mz for PDF is:  0.12978

 ==============================================================================
 I                                                                            I
 I              PYTHIA will be initialized for a p on p collider              I
 I                  at   8000.000 GeV center-of-mass energy                   I
 I                                                                            I
 ==============================================================================

 ******** PYMAXI: summary of differential cross-section maximum search ********

           ==========================================================
           I                                      I                 I
           I  ISUB  Subprocess name               I  Maximum value  I
           I                                      I                 I
           ==========================================================
           I                                      I                 I
           I   96   Semihard QCD 2 -> 2           I    7.7531D+03   I
           I  142   f + fbar' -> W'+/-            I    1.6378D-08   I
           I                                      I                 I
           ==========================================================

 ****** PYMULT: initialization of multiple interactions for MSTP(82) = 4 ******
        pT0 = 2.76 GeV gives sigma(parton-parton) = 4.33D+02 mb: accepted

 ****** PYMIGN: initialization of multiple interactions for MSTP(82) = 4 ******
        pT0 = 2.76 GeV gives sigma(parton-parton) = 1.70D+02 mb: accepted

 ********************** PYINIT: initialization completed **********************

 Advisory warning: maximum violated by  1.043D+00 in event      17
 XSEC(142,1) increased to  1.708D-08

 Advisory warning: maximum violated by  1.021D+00 in event      32
 XSEC(142,1) increased to  1.744D-08

 Advisory warning: maximum violated by  1.017D+00 in event      86
 XSEC(142,1) increased to  1.774D-08

 Advisory warning: maximum violated by  1.033D+00 in event     166
 XSEC(142,1) increased to  1.832D-08

     Advisory warning type 9 given after      311 PYEXEC calls:
     (PYPTIS:) Sorry, I got a heavy companion quark here. Not handled yet, giving up!

 Advisory warning: maximum violated by  1.006D+00 in event     671
 XSEC(142,1) increased to  1.843D-08

     Advisory warning type 9 given after      688 PYEXEC calls:
     (PYPTIS:) Sorry, I got a heavy companion quark here. Not handled yet, giving up!

     Advisory warning type 9 given after      953 PYEXEC calls:
     (PYPTIS:) Sorry, I got a heavy companion quark here. Not handled yet, giving up!

 Advisory warning: maximum violated by  1.003D+00 in event     971
 XSEC(142,1) increased to  1.850D-08

 Advisory warning: maximum violated by  1.003D+00 in event    1842
 XSEC(142,1) increased to  1.855D-08

     Advisory warning type 9 given after     1892 PYEXEC calls:
     (PYPTIS:) Sorry, I got a heavy companion quark here. Not handled yet, giving up!

     Advisory warning type 9 given after     2708 PYEXEC calls:
     (PYPTIS:) Sorry, I got a heavy companion quark here. Not handled yet, giving up!

     Advisory warning type 9 given after     2752 PYEXEC calls:
     (PYPTIS:) Sorry, I got a heavy companion quark here. Not handled yet, giving up!

     Advisory warning type 9 given after     3115 PYEXEC calls:
     (PYPTIS:) Sorry, I got a heavy companion quark here. Not handled yet, giving up!

     Advisory warning type 9 given after     3174 PYEXEC calls:
     (PYPTIS:) Sorry, I got a heavy companion quark here. Not handled yet, giving up!

     Error type 4 has occured after     3674 PYEXEC calls:
     (PYSTRF:) caught in infinite loop

     Error type 2 has occured after     3674 PYEXEC calls:
     (PYSTRF:) unphysical flavour combination

     Error type 2 has occured after     3674 PYEXEC calls:
     (PYSTRF:) unphysical flavour combination

     Error type 2 has occured after     3674 PYEXEC calls:
     (PYSTRF:) unphysical flavour combination

     Error type 2 has occured after     3674 PYEXEC calls:
     (PYSTRF:) unphysical flavour combination

     Error type 2 has occured after     3674 PYEXEC calls:
     (PYSTRF:) unphysical flavour combination

     Error type 2 has occured after     3674 PYEXEC calls:
     (PYSTRF:) unphysical flavour combination

     Error type 2 has occured after     3674 PYEXEC calls:
     (PYSTRF:) unphysical flavour combination

     Error type 2 has occured after     3674 PYEXEC calls:
     (PYSTRF:) unphysical flavour combination

     Error type 2 has occured after     3674 PYEXEC calls:
     (PYSTRF:) unphysical flavour combination

     Error type 2 has occured after     3674 PYEXEC calls:
     (PYSTRF:) unphysical flavour combination

     Error type 2 has occured after     3674 PYEXEC calls:
     (PYSTRF:) unphysical flavour combination

     Error type 2 has occured after     3674 PYEXEC calls:
     (PYSTRF:) unphysical flavour combination

     Error type 2 has occured after     3674 PYEXEC calls:
     (PYSTRF:) unphysical flavour combination

     Error type 2 has occured after     3674 PYEXEC calls:
     (PYSTRF:) unphysical flavour combination

     Error type 2 has occured after     3674 PYEXEC calls:
     (PYSTRF:) unphysical flavour combination

     Error type 2 has occured after     3674 PYEXEC calls:
     (PYSTRF:) unphysical flavour combination

     Error type 2 has occured after     3674 PYEXEC calls:
     (PYSTRF:) unphysical flavour combination

     Error type 2 has occured after     3674 PYEXEC calls:
     (PYSTRF:) unphysical flavour combination

     Error type 2 has occured after     3674 PYEXEC calls:
     (PYSTRF:) unphysical flavour combination

     Error type 2 has occured after     3674 PYEXEC calls:
     (PYSTRF:) unphysical flavour combination

     Error type 2 has occured after     3674 PYEXEC calls:
     (PYSTRF:) unphysical flavour combination

     Error type 2 has occured after     3674 PYEXEC calls:
     (PYSTRF:) unphysical flavour combination

     Error type 2 has occured after     3674 PYEXEC calls:
     (PYSTRF:) unphysical flavour combination

     Advisory warning type 9 given after     4495 PYEXEC calls:
     (PYPTIS:) Sorry, I got a heavy companion quark here. Not handled yet, giving up!

     Advisory warning type 9 given after     4688 PYEXEC calls:
     (PYPTIS:) Sorry, I got a heavy companion quark here. Not handled yet, giving up!

 Advisory warning: maximum violated by  1.000D+00 in event    6122
 XSEC(142,1) increased to  1.856D-08

     Error type 4 has occured after     6296 PYEXEC calls:
     (PYSTRF:) caught in infinite loop

     Error type 2 has occured after     6296 PYEXEC calls:
     (PYSTRF:) unphysical flavour combination

     Error type 2 has occured after     6296 PYEXEC calls:
     (PYSTRF:) unphysical flavour combination

 Advisory warning: maximum violated by  1.000D+00 in event    7750
 XSEC(142,1) increased to  1.856D-08

     Error type 4 has occured after     9447 PYEXEC calls:
     (PYSTRF:) caught in infinite loop

     Error type 2 has occured after     9447 PYEXEC calls:
     (PYSTRF:) unphysical flavour combination
1********* PYSTAT:  Statistics on Number of Events and Cross-sections *********

 ==============================================================================
 I                                  I                            I            I
 I            Subprocess            I      Number of points      I    Sigma   I
 I                                  I                            I            I
 I----------------------------------I----------------------------I    (mb)    I
 I                                  I                            I            I
 I N:o Type                         I    Generated         Tried I            I
 I                                  I                            I            I
 ==============================================================================
 I                                  I                            I            I
 I   0 All included subprocesses    I        10000         31322 I  5.864D-09 I
 I 142 f + fbar' -> W'+/-           I        10000         31322 I  5.864D-09 I
 I                                  I                            I            I
 ==============================================================================

 ********* Total number of errors, excluding junctions =        0 *************
 ********* Total number of errors, including junctions =       29 *************
 ********* Total number of warnings =                          23 *************
 ********* Fraction of events that fail fragmentation cuts =  0.00030 *********

