     MSTU(12)       changed from              0 to          12345
1****************** PYINIT: initialization of PYTHIA routines *****************
 ==== PYTHIA WILL USE LHAPDF ====
 *************************************
 *       LHAPDF Version 5.6.0        *
 *************************************

 >>>>>> PDF description: <<<<<<
 CTEQ6L1 - LO with LO alpha_s                                    
 Reference:                                                      
 J. Pumplin, D.R. Stump, J. Huston, H.L. Lai, P. Nadolsky,       
 W.K. Tung                                                       
 hep-ph/0201195                                                  
 >>>>>>                   <<<<<<

 Parametrization: CTEQ6           

 ==============================================
 PDFset name /uscmst1/prod/sw/cms/slc5_amd64_gcc434/external/lhapdf/5.6.0-cms4/share/lhapdf/P
 with          1 members
 ====  initialized. ===========================
 Strong coupling at Mz for PDF is:  0.12978

 ==============================================================================
 I                                                                            I
 I              PYTHIA will be initialized for a p on p collider              I
 I                  at   8000.000 GeV center-of-mass energy                   I
 I                                                                            I
 ==============================================================================

 ******** PYMAXI: summary of differential cross-section maximum search ********

           ==========================================================
           I                                      I                 I
           I  ISUB  Subprocess name               I  Maximum value  I
           I                                      I                 I
           ==========================================================
           I                                      I                 I
           I   96   Semihard QCD 2 -> 2           I    7.7531D+03   I
           I  142   f + fbar' -> W'+/-            I    3.2398D-08   I
           I                                      I                 I
           ==========================================================

 ****** PYMULT: initialization of multiple interactions for MSTP(82) = 4 ******
        pT0 = 2.76 GeV gives sigma(parton-parton) = 4.33D+02 mb: accepted

 ****** PYMIGN: initialization of multiple interactions for MSTP(82) = 4 ******
        pT0 = 2.76 GeV gives sigma(parton-parton) = 1.70D+02 mb: accepted

 ********************** PYINIT: initialization completed **********************

 Advisory warning: maximum violated by  1.080D+00 in event      16
 XSEC(142,1) increased to  3.499D-08

 Advisory warning: maximum violated by  1.004D+00 in event     103
 XSEC(142,1) increased to  3.514D-08

 Advisory warning: maximum violated by  1.011D+00 in event     141
 XSEC(142,1) increased to  3.552D-08

 Advisory warning: maximum violated by  1.012D+00 in event     238
 XSEC(142,1) increased to  3.593D-08

     Advisory warning type 9 given after      343 PYEXEC calls:
     (PYPTIS:) Sorry, I got a heavy companion quark here. Not handled yet, giving up!

 Advisory warning: maximum violated by  1.004D+00 in event     545
 XSEC(142,1) increased to  3.609D-08

 Advisory warning: maximum violated by  1.013D+00 in event     563
 XSEC(142,1) increased to  3.655D-08

     Advisory warning type 9 given after      601 PYEXEC calls:
     (PYPTIS:) Sorry, I got a heavy companion quark here. Not handled yet, giving up!

     Advisory warning type 9 given after      650 PYEXEC calls:
     (PYPTIS:) Sorry, I got a heavy companion quark here. Not handled yet, giving up!

     Advisory warning type 9 given after      653 PYEXEC calls:
     (PYPTIS:) Sorry, I got a heavy companion quark here. Not handled yet, giving up!

     Error type 4 has occured after      873 PYEXEC calls:
     (PYSTRF:) caught in infinite loop

     Error type 2 has occured after      873 PYEXEC calls:
     (PYSTRF:) unphysical flavour combination

 Advisory warning: maximum violated by  1.000D+00 in event    1076
 XSEC(142,1) increased to  3.656D-08

     Advisory warning type 9 given after     1159 PYEXEC calls:
     (PYPTIS:) Sorry, I got a heavy companion quark here. Not handled yet, giving up!

     Advisory warning type 9 given after     2778 PYEXEC calls:
     (PYPTIS:) Sorry, I got a heavy companion quark here. Not handled yet, giving up!

     Advisory warning type 9 given after     3071 PYEXEC calls:
     (PYPTIS:) Sorry, I got a heavy companion quark here. Not handled yet, giving up!

     Advisory warning type 9 given after     3112 PYEXEC calls:
     (PYPTIS:) Sorry, I got a heavy companion quark here. Not handled yet, giving up!

     Advisory warning type 9 given after     3323 PYEXEC calls:
     (PYPTIS:) Sorry, I got a heavy companion quark here. Not handled yet, giving up!

     Advisory warning type 9 given after     3529 PYEXEC calls:
     (PYPTIS:) Sorry, I got a heavy companion quark here. Not handled yet, giving up!

     Error type 9 has occured after     5691 PYEXEC calls:
     (PYPTIS:) Weight   1.5798E+00 above unity

     Error type 4 has occured after     7111 PYEXEC calls:
     (PYSTRF:) caught in infinite loop

     Error type 2 has occured after     7111 PYEXEC calls:
     (PYSTRF:) unphysical flavour combination

     Error type 2 has occured after     7111 PYEXEC calls:
     (PYSTRF:) unphysical flavour combination

     Error type 9 has occured after     7245 PYEXEC calls:
     (PYPTIS:) Weight   5.6575E+00 above unity

     Error type 9 has occured after     7245 PYEXEC calls:
     (PYPTIS:) Weight   3.3596E+02 above unity

 Advisory warning: maximum violated by  1.000D+00 in event    7525
 XSEC(142,1) increased to  3.657D-08

     Error type 4 has occured after     9093 PYEXEC calls:
     (PYSTRF:) caught in infinite loop

     Error type 2 has occured after     9093 PYEXEC calls:
     (PYSTRF:) unphysical flavour combination
1********* PYSTAT:  Statistics on Number of Events and Cross-sections *********

 ==============================================================================
 I                                  I                            I            I
 I            Subprocess            I      Number of points      I    Sigma   I
 I                                  I                            I            I
 I----------------------------------I----------------------------I    (mb)    I
 I                                  I                            I            I
 I N:o Type                         I    Generated         Tried I            I
 I                                  I                            I            I
 ==============================================================================
 I                                  I                            I            I
 I   0 All included subprocesses    I        10000         32103 I  1.139D-08 I
 I 142 f + fbar' -> W'+/-           I        10000         32103 I  1.139D-08 I
 I                                  I                            I            I
 ==============================================================================

 ********* Total number of errors, excluding junctions =        0 *************
 ********* Total number of errors, including junctions =       10 *************
 ********* Total number of warnings =                          26 *************
 ********* Fraction of events that fail fragmentation cuts =  0.00030 *********

