     MSTU(12)       changed from              0 to          12345
1****************** PYINIT: initialization of PYTHIA routines *****************
 ==== PYTHIA WILL USE LHAPDF ====
 *************************************
 *       LHAPDF Version 5.6.0        *
 *************************************

 >>>>>> PDF description: <<<<<<
 CTEQ6L1 - LO with LO alpha_s                                    
 Reference:                                                      
 J. Pumplin, D.R. Stump, J. Huston, H.L. Lai, P. Nadolsky,       
 W.K. Tung                                                       
 hep-ph/0201195                                                  
 >>>>>>                   <<<<<<

 Parametrization: CTEQ6           

 ==============================================
 PDFset name /uscmst1/prod/sw/cms/slc5_amd64_gcc434/external/lhapdf/5.6.0-cms4/share/lhapdf/P
 with          1 members
 ====  initialized. ===========================
 Strong coupling at Mz for PDF is:  0.12978

 ==============================================================================
 I                                                                            I
 I              PYTHIA will be initialized for a p on p collider              I
 I                  at   8000.000 GeV center-of-mass energy                   I
 I                                                                            I
 ==============================================================================

 ******** PYMAXI: summary of differential cross-section maximum search ********

           ==========================================================
           I                                      I                 I
           I  ISUB  Subprocess name               I  Maximum value  I
           I                                      I                 I
           ==========================================================
           I                                      I                 I
           I   96   Semihard QCD 2 -> 2           I    7.7531D+03   I
           I  142   f + fbar' -> W'+/-            I    2.0158D-13   I
           I                                      I                 I
           ==========================================================

 ****** PYMULT: initialization of multiple interactions for MSTP(82) = 4 ******
        pT0 = 2.76 GeV gives sigma(parton-parton) = 4.33D+02 mb: accepted

 ****** PYMIGN: initialization of multiple interactions for MSTP(82) = 4 ******
        pT0 = 2.76 GeV gives sigma(parton-parton) = 1.70D+02 mb: accepted

 ********************** PYINIT: initialization completed **********************

     Error type 4 has occured after      679 PYEXEC calls:
     (PYSTRF:) caught in infinite loop

     Error type 2 has occured after      679 PYEXEC calls:
     (PYSTRF:) unphysical flavour combination

     Advisory warning type 9 given after      781 PYEXEC calls:
     (PYPTIS:) Sorry, I got a heavy companion quark here. Not handled yet, giving up!

     Advisory warning type 9 given after      828 PYEXEC calls:
     (PYPTIS:) Sorry, I got a heavy companion quark here. Not handled yet, giving up!

     Advisory warning type 9 given after      840 PYEXEC calls:
     (PYPTIS:) failed to evolve shower.

     Advisory warning type 9 given after     2449 PYEXEC calls:
     (PYPTIS:) Sorry, I got a heavy companion quark here. Not handled yet, giving up!

     Advisory warning type 9 given after     2486 PYEXEC calls:
     (PYPTIS:) Sorry, I got a heavy companion quark here. Not handled yet, giving up!

     Error type 4 has occured after     2737 PYEXEC calls:
     (PYSTRF:) caught in infinite loop

     Error type 2 has occured after     2737 PYEXEC calls:
     (PYSTRF:) unphysical flavour combination

     Error type 2 has occured after     2737 PYEXEC calls:
     (PYSTRF:) unphysical flavour combination

     Error type 2 has occured after     2737 PYEXEC calls:
     (PYSTRF:) unphysical flavour combination

     Error type 2 has occured after     2737 PYEXEC calls:
     (PYSTRF:) unphysical flavour combination

     Advisory warning type 9 given after     3152 PYEXEC calls:
     (PYPTIS:) Sorry, I got a heavy companion quark here. Not handled yet, giving up!

     Error type 9 has occured after     3581 PYEXEC calls:
     (PYPTIS:) Weight   2.0539E+00 above unity

     Error type 9 has occured after     3986 PYEXEC calls:
     (PYPTIS:) Weight   6.2582E+01 above unity

     Error type 9 has occured after     3986 PYEXEC calls:
     (PYPTIS:) Weight   1.7048E+03 above unity

     Advisory warning type 9 given after     3986 PYEXEC calls:
     (PYPTIS:) Weight   5.0966E+02 above unity

     Advisory warning type 9 given after     5297 PYEXEC calls:
     (PYPTIS:) Sorry, I got a heavy companion quark here. Not handled yet, giving up!

     Advisory warning type 9 given after     5739 PYEXEC calls:
     (PYPTIS:) Sorry, I got a heavy companion quark here. Not handled yet, giving up!

     Advisory warning type 9 given after     5922 PYEXEC calls:
     (PYPTIS:) Weight   2.4398E+01 above unity

     Error type 9 has occured after     7318 PYEXEC calls:
     (PYPTIS:) Weight   4.3705E+03 above unity
1********* PYSTAT:  Statistics on Number of Events and Cross-sections *********

 ==============================================================================
 I                                  I                            I            I
 I            Subprocess            I      Number of points      I    Sigma   I
 I                                  I                            I            I
 I----------------------------------I----------------------------I    (mb)    I
 I                                  I                            I            I
 I N:o Type                         I    Generated         Tried I            I
 I                                  I                            I            I
 ==============================================================================
 I                                  I                            I            I
 I   0 All included subprocesses    I        10000         50114 I  4.075D-14 I
 I 142 f + fbar' -> W'+/-           I        10000         50114 I  4.075D-14 I
 I                                  I                            I            I
 ==============================================================================

 ********* Total number of errors, excluding junctions =        0 *************
 ********* Total number of errors, including junctions =       11 *************
 ********* Total number of warnings =                          24 *************
 ********* Fraction of events that fail fragmentation cuts =  0.00050 *********

